2023-05-14 08:47:55.072 [info] Log level: Info
2023-05-14 08:47:55.072 [info] Validating found git in: "git"
2023-05-14 08:47:55.072 [info] Using git "2.40.1" from "git"
2023-05-14 08:47:55.072 [info] > git rev-parse --show-toplevel [5ms]
2023-05-14 08:48:34.446 [info] Log level: Info
2023-05-14 08:48:34.446 [info] Validating found git in: "git"
2023-05-14 08:48:34.446 [info] Using git "2.40.1" from "git"
2023-05-14 08:48:34.446 [info] > git rev-parse --show-toplevel [6ms]
2023-05-14 08:48:34.446 [info] fatal: not a git repository (or any parent up to mount point /)
Stopping at filesystem boundary (GIT_DISCOVERY_ACROSS_FILESYSTEM not set).
2023-05-14 08:48:34.447 [info] > git rev-parse --show-toplevel [16ms]
2023-05-14 08:48:34.447 [info] fatal: not a git repository (or any parent up to mount point /)
Stopping at filesystem boundary (GIT_DISCOVERY_ACROSS_FILESYSTEM not set).
2023-05-14 08:48:36.308 [info] > git rev-parse --show-toplevel [1ms]
2023-05-14 08:48:36.308 [info] fatal: not a git repository (or any parent up to mount point /)
Stopping at filesystem boundary (GIT_DISCOVERY_ACROSS_FILESYSTEM not set).
2023-05-14 08:48:41.880 [info] > git rev-parse --show-toplevel [2ms]
2023-05-14 08:48:41.880 [info] fatal: not a git repository (or any parent up to mount point /)
Stopping at filesystem boundary (GIT_DISCOVERY_ACROSS_FILESYSTEM not set).
2023-05-14 08:49:13.736 [info] > git rev-parse --show-toplevel [7ms]
2023-05-14 08:49:13.736 [info] fatal: not a git repository (or any parent up to mount point /)
Stopping at filesystem boundary (GIT_DISCOVERY_ACROSS_FILESYSTEM not set).
2023-05-14 08:49:23.555 [info] > git rev-parse --show-toplevel [4ms]
2023-05-14 08:49:23.555 [info] fatal: not a git repository (or any parent up to mount point /)
Stopping at filesystem boundary (GIT_DISCOVERY_ACROSS_FILESYSTEM not set).
2023-05-14 08:49:54.986 [info] Log level: Info
2023-05-14 08:49:54.986 [info] Validating found git in: "git"
2023-05-14 08:49:54.986 [info] Using git "2.40.1" from "git"
2023-05-14 08:49:54.986 [info] > git rev-parse --show-toplevel [5ms]
2023-05-14 08:49:54.986 [info] fatal: not a git repository (or any parent up to mount point /)
Stopping at filesystem boundary (GIT_DISCOVERY_ACROSS_FILESYSTEM not set).
2023-05-14 08:49:54.986 [info] > git rev-parse --show-toplevel [3ms]
2023-05-14 08:49:54.986 [info] fatal: not a git repository (or any parent up to mount point /)
Stopping at filesystem boundary (GIT_DISCOVERY_ACROSS_FILESYSTEM not set).
2023-05-14 08:49:54.986 [info] > git rev-parse --show-toplevel [12ms]
2023-05-14 08:49:54.986 [info] fatal: not a git repository (or any parent up to mount point /)
Stopping at filesystem boundary (GIT_DISCOVERY_ACROSS_FILESYSTEM not set).
2023-05-14 08:50:01.450 [info] > git rev-parse --show-toplevel [2ms]
2023-05-14 08:50:01.450 [info] fatal: not a git repository (or any parent up to mount point /)
Stopping at filesystem boundary (GIT_DISCOVERY_ACROSS_FILESYSTEM not set).
2023-05-14 08:50:04.415 [info] > git rev-parse --show-toplevel [1ms]
2023-05-14 08:50:04.415 [info] fatal: not a git repository (or any parent up to mount point /)
Stopping at filesystem boundary (GIT_DISCOVERY_ACROSS_FILESYSTEM not set).
2023-05-14 08:50:12.497 [info] > git rev-parse --show-toplevel [1ms]
2023-05-14 08:50:12.497 [info] fatal: not a git repository (or any parent up to mount point /)
Stopping at filesystem boundary (GIT_DISCOVERY_ACROSS_FILESYSTEM not set).
2023-05-14 08:50:14.854 [info] > git rev-parse --show-toplevel [4ms]
2023-05-14 08:50:14.854 [info] fatal: not a git repository (or any parent up to mount point /)
Stopping at filesystem boundary (GIT_DISCOVERY_ACROSS_FILESYSTEM not set).
2023-05-14 08:51:34.021 [info] > git rev-parse --show-toplevel [2ms]
2023-05-14 08:51:34.021 [info] fatal: not a git repository (or any parent up to mount point /)
Stopping at filesystem boundary (GIT_DISCOVERY_ACROSS_FILESYSTEM not set).
2023-05-14 08:51:49.028 [info] > git rev-parse --show-toplevel [2ms]
2023-05-14 08:51:49.028 [info] fatal: not a git repository (or any parent up to mount point /)
Stopping at filesystem boundary (GIT_DISCOVERY_ACROSS_FILESYSTEM not set).
