2023-05-14 05:29:26.562 [info] Reading sessions from keychain...
2023-05-14 05:29:26.562 [info] Getting sessions for all scopes...
2023-05-14 05:29:26.562 [info] Getting sessions for user:email...
2023-05-14 05:29:26.562 [info] Got stored sessions!
2023-05-14 05:29:26.562 [info] Got 1 verified sessions.
2023-05-14 05:29:26.562 [info] Got 1 sessions for ...
2023-05-14 05:29:26.562 [info] Got 0 sessions for user:email...
2023-05-14 05:29:26.562 [info] Getting sessions for all scopes...
2023-05-14 05:29:26.562 [info] Got 1 sessions for ...
2023-05-14 05:29:26.604 [info] Getting sessions for all scopes...
2023-05-14 05:29:26.604 [info] Got 1 sessions for ...
2023-05-14 05:29:27.845 [info] Getting user info...
2023-05-14 05:29:28.088 [info] Got account info!
2023-05-14 05:29:35.625 [info] Reading sessions from keychain...
2023-05-14 05:29:35.625 [info] Getting sessions for all scopes...
2023-05-14 05:29:35.625 [info] Getting sessions for user:email...
2023-05-14 05:29:35.625 [info] Got stored sessions!
2023-05-14 05:29:35.625 [info] Got 1 verified sessions.
2023-05-14 05:29:35.625 [info] Got 1 sessions for ...
2023-05-14 05:29:35.625 [info] Got 0 sessions for user:email...
2023-05-14 05:29:35.625 [info] Getting sessions for all scopes...
2023-05-14 05:29:35.625 [info] Got 1 sessions for ...
2023-05-14 05:29:35.692 [info] Getting sessions for all scopes...
2023-05-14 05:29:35.692 [info] Got 1 sessions for ...
2023-05-14 05:29:37.002 [info] Getting user info...
2023-05-14 05:29:37.336 [info] Got account info!
