2024-12-18 23:15:32.390 [info] [main] Log level: Info
2024-12-18 23:15:32.390 [info] [main] Validating found git in: "git"
2024-12-18 23:15:32.390 [info] [main] Using git "2.47.1" from "git"
2024-12-18 23:15:32.390 [info] [Model][doInitialScan] Initial repository scan started
2024-12-18 23:15:32.390 [info] > git rev-parse --show-toplevel [1ms]
2024-12-18 23:15:32.390 [info] > git rev-parse --git-dir --git-common-dir [19ms]
2024-12-18 23:15:32.399 [info] [Model][openRepository] Opened repository: /home/akashg/Downloads/Hyprland-Dotfiles
2024-12-18 23:15:32.435 [info] > git rev-parse --show-toplevel [6ms]
2024-12-18 23:15:32.436 [info] > git config --get commit.template [13ms]
2024-12-18 23:15:32.449 [info] > git rev-parse --show-toplevel [7ms]
2024-12-18 23:15:32.456 [info] > git for-each-ref --format=%(refname)%00%(upstream:short)%00%(objectname)%00%(upstream:track)%00%(upstream:remotename)%00%(upstream:remoteref) refs/heads/master refs/remotes/master [7ms]
2024-12-18 23:15:32.456 [info] > git rev-parse --show-toplevel [1ms]
2024-12-18 23:15:32.477 [info] > git for-each-ref --sort -committerdate --format %(refname) %(objectname) %(*objectname) [2ms]
2024-12-18 23:15:32.481 [info] > git rev-parse --show-toplevel [17ms]
2024-12-18 23:15:32.487 [info] > git rev-parse --show-toplevel [1ms]
2024-12-18 23:15:32.489 [info] [Model][doInitialScan] Initial repository scan completed - repositories (1), closed repositories (0), parent repositories (0), unsafe repositories (0)
2024-12-18 23:15:32.541 [info] > git status -z -uall [74ms]
2024-12-18 23:15:32.608 [info] > git for-each-ref --format=%(refname)%00%(upstream:short)%00%(objectname)%00%(upstream:track)%00%(upstream:remotename)%00%(upstream:remoteref) refs/heads/master refs/remotes/master [8ms]
2024-12-18 23:15:32.616 [info] > git config --local branch.master.vscode-merge-base [2ms]
2024-12-18 23:15:32.621 [info] > git config --get commit.template [14ms]
2024-12-18 23:15:32.625 [info] > git for-each-ref --format=%(refname)%00%(upstream:short)%00%(objectname)%00%(upstream:track)%00%(upstream:remotename)%00%(upstream:remoteref) refs/heads/origin/master refs/remotes/origin/master [5ms]
2024-12-18 23:15:32.637 [info] > git merge-base refs/heads/master refs/remotes/origin/master [6ms]
2024-12-18 23:15:32.642 [info] > git for-each-ref --format=%(refname)%00%(upstream:short)%00%(objectname)%00%(upstream:track)%00%(upstream:remotename)%00%(upstream:remoteref) refs/heads/master refs/remotes/master [17ms]
2024-12-18 23:15:32.651 [info] > git diff --name-status -z --diff-filter=ADMR 6374aed3f0565c5449dcd28d779d1554efc4763f...refs/remotes/origin/master [9ms]
2024-12-18 23:15:32.653 [info] > git for-each-ref --sort -committerdate --format %(refname) %(objectname) %(*objectname) [2ms]
2024-12-18 23:15:32.931 [info] > git status -z -uall [283ms]
2024-12-18 23:15:32.991 [info] > git check-ignore -v -z --stdin [28ms]
2024-12-18 23:15:33.032 [info] > git show --textconv :Scripts/install_pkg.lst [8ms]
2024-12-18 23:15:33.036 [info] > git ls-files --stage -- /home/akashg/Downloads/Hyprland-Dotfiles/Scripts/install_pkg.lst [5ms]
2024-12-18 23:15:33.299 [info] > git cat-file -s 1b40877b720456399956577e854ed1cc38832632 [259ms]
2024-12-18 23:15:33.717 [info] > git log --format=%H%n%aN%n%aE%n%at%n%ct%n%P%n%D%n%B -z --shortstat --diff-merges=first-parent -n50 --skip=0 --topo-order --decorate=full --stdin [242ms]
2024-12-18 23:15:34.287 [info] > git check-ignore -v -z --stdin [38ms]
2024-12-18 23:15:41.002 [info] > git check-ignore -v -z --stdin [328ms]
2024-12-18 23:15:56.167 [info] > git check-ignore -v -z --stdin [1576ms]
2024-12-18 23:16:15.590 [info] > git log --format=%H%n%aN%n%aE%n%at%n%ct%n%P%n%D%n%B -z --shortstat --diff-merges=first-parent -n50 --skip=0 --topo-order --decorate=full --stdin [358ms]
2024-12-18 23:16:18.376 [info] > git check-ignore -v -z --stdin [154ms]
2024-12-18 23:16:24.227 [info] > git check-ignore -v -z --stdin [1224ms]
