2023-05-14 08:47:55.334 [info] Reading sessions from keychain...
2023-05-14 08:47:55.334 [info] Getting sessions for all scopes...
2023-05-14 08:47:55.334 [info] Getting sessions for user:email...
2023-05-14 08:47:55.334 [info] Got stored sessions!
2023-05-14 08:47:55.334 [info] Got 1 verified sessions.
2023-05-14 08:47:55.334 [info] Got 1 sessions for ...
2023-05-14 08:47:55.334 [info] Got 0 sessions for user:email...
2023-05-14 08:47:55.334 [info] Getting sessions for all scopes...
2023-05-14 08:47:55.334 [info] Got 1 sessions for ...
2023-05-14 08:47:55.358 [info] Getting sessions for all scopes...
2023-05-14 08:47:55.358 [info] Got 1 sessions for ...
2023-05-14 08:47:56.851 [info] Getting user info...
2023-05-14 08:47:57.220 [info] Got account info!
2023-05-14 08:48:32.488 [info] Reading sessions from keychain...
2023-05-14 08:48:32.488 [info] Getting sessions for all scopes...
2023-05-14 08:48:32.488 [info] Getting sessions for user:email...
2023-05-14 08:48:32.488 [info] Got stored sessions!
2023-05-14 08:48:32.488 [info] Got 1 verified sessions.
2023-05-14 08:48:32.488 [info] Got 1 sessions for ...
2023-05-14 08:48:32.488 [info] Got 0 sessions for user:email...
2023-05-14 08:48:32.584 [info] Getting sessions for all scopes...
2023-05-14 08:48:32.584 [info] Got 1 sessions for ...
2023-05-14 08:48:33.791 [info] Getting user info...
2023-05-14 08:48:34.052 [info] Got account info!
2023-05-14 08:49:53.462 [info] Reading sessions from keychain...
2023-05-14 08:49:53.462 [info] Getting sessions for all scopes...
2023-05-14 08:49:53.462 [info] Getting sessions for user:email...
2023-05-14 08:49:53.462 [info] Got stored sessions!
2023-05-14 08:49:53.462 [info] Got 1 verified sessions.
2023-05-14 08:49:53.462 [info] Got 1 sessions for ...
2023-05-14 08:49:53.462 [info] Got 0 sessions for user:email...
2023-05-14 08:49:53.480 [info] Getting sessions for all scopes...
2023-05-14 08:49:53.480 [info] Got 1 sessions for ...
2023-05-14 08:49:53.499 [info] Getting sessions for all scopes...
2023-05-14 08:49:53.499 [info] Got 1 sessions for ...
2023-05-14 08:49:54.793 [info] Getting user info...
2023-05-14 08:49:56.073 [info] Got account info!
