2023-05-14 04:25:10.839 [info] Reading sessions from keychain...
2023-05-14 04:25:10.839 [info] Getting sessions for all scopes...
2023-05-14 04:25:10.839 [info] Getting sessions for user:email...
2023-05-14 04:25:10.839 [info] Got stored sessions!
2023-05-14 04:25:10.839 [info] Got 1 verified sessions.
2023-05-14 04:25:10.839 [info] Got 1 sessions for ...
2023-05-14 04:25:10.839 [info] Got 0 sessions for user:email...
2023-05-14 04:25:10.839 [info] Getting sessions for all scopes...
2023-05-14 04:25:10.839 [info] Got 1 sessions for ...
2023-05-14 04:25:10.865 [info] Getting sessions for all scopes...
2023-05-14 04:25:10.866 [info] Got 1 sessions for ...
2023-05-14 04:25:12.119 [info] Getting user info...
2023-05-14 04:25:12.384 [info] Got account info!
2023-05-14 04:25:43.190 [info] Reading sessions from keychain...
2023-05-14 04:25:43.190 [info] Getting sessions for all scopes...
2023-05-14 04:25:43.190 [info] Getting sessions for user:email...
2023-05-14 04:25:43.190 [info] Got stored sessions!
2023-05-14 04:25:43.190 [info] Got 1 verified sessions.
2023-05-14 04:25:43.190 [info] Got 1 sessions for ...
2023-05-14 04:25:43.190 [info] Got 0 sessions for user:email...
2023-05-14 04:25:43.190 [info] Getting sessions for all scopes...
2023-05-14 04:25:43.190 [info] Got 1 sessions for ...
2023-05-14 04:25:43.247 [info] Getting sessions for all scopes...
2023-05-14 04:25:43.247 [info] Got 1 sessions for ...
2023-05-14 04:25:44.496 [info] Getting user info...
2023-05-14 04:25:44.765 [info] Got account info!
