2023-05-14 05:30:13.922 [info] Extension host with pid 30557 started
2023-05-14 05:30:13.922 [info] Skipping acquiring lock for /home/akashg/.config/Code/User/workspaceStorage/5ce1d7bbfe1f0c846861d5320d7c61a5.
2023-05-14 05:30:13.995 [info] ExtensionService#_doActivateExtension vscode.git-base, startup: true, activationEvent: '*', root cause: vscode.git
2023-05-14 05:30:14.022 [info] ExtensionService#_doActivateExtension vscode.git, startup: true, activationEvent: '*'
2023-05-14 05:30:14.054 [info] ExtensionService#_doActivateExtension vscode.github, startup: true, activationEvent: '*'
2023-05-14 05:30:14.125 [info] Eager extensions activated
2023-05-14 05:30:14.199 [info] ExtensionService#_doActivateExtension vscode.debug-auto-launch, startup: false, activationEvent: 'onStartupFinished'
2023-05-14 05:30:14.202 [info] ExtensionService#_doActivateExtension vscode.merge-conflict, startup: false, activationEvent: 'onStartupFinished'
2023-05-14 05:30:14.436 [info] ExtensionService#_doActivateExtension vscode.github-authentication, startup: false, activationEvent: 'onAuthenticationRequest:github'
2023-05-14 05:30:14.482 [info] ExtensionService#_doActivateExtension vscode.microsoft-authentication, startup: false, activationEvent: 'onAuthenticationRequest:microsoft'
2023-05-14 05:30:19.429 [warning] [Decorations] CAPPING events from decorations provider vscode.git 10000
2023-05-14 05:30:20.467 [warning] [Decorations] CAPPING events from decorations provider vscode.git 10000
2023-05-14 05:30:22.197 [info] ExtensionService#_doActivateExtension vscode.emmet, startup: false, activationEvent: 'onLanguage'
2023-05-14 05:30:44.621 [info] Extension host terminating: renderer closed the MessagePort
2023-05-14 05:30:44.640 [error] Canceled: Canceled
	at new l (/opt/visual-studio-code/resources/app/out/vs/workbench/api/node/extensionHostProcess.js:98:104563)
	at a.O (/opt/visual-studio-code/resources/app/out/vs/workbench/api/node/extensionHostProcess.js:110:11657)
	at H.<computed>.V.charCodeAt.H.<computed> (/opt/visual-studio-code/resources/app/out/vs/workbench/api/node/extensionHostProcess.js:110:8947)
	at e.ExtHostCommands.g (/opt/visual-studio-code/resources/app/out/vs/workbench/api/node/extensionHostProcess.js:98:124729)
	at e.ExtHostCommands.executeCommand (/opt/visual-studio-code/resources/app/out/vs/workbench/api/node/extensionHostProcess.js:98:124105)
	at C.registerCommand.description (/opt/visual-studio-code/resources/app/out/vs/workbench/api/node/extensionHostProcess.js:98:123398)
	at e.ExtHostCommands.h (/opt/visual-studio-code/resources/app/out/vs/workbench/api/node/extensionHostProcess.js:98:125315)
	at e.ExtHostCommands.g (/opt/visual-studio-code/resources/app/out/vs/workbench/api/node/extensionHostProcess.js:98:124205)
	at e.ExtHostCommands.executeCommand (/opt/visual-studio-code/resources/app/out/vs/workbench/api/node/extensionHostProcess.js:98:124105)
	at Object.executeCommand (/opt/visual-studio-code/resources/app/out/vs/workbench/api/node/extensionHostProcess.js:116:24043)
	at D (/opt/visual-studio-code/resources/app/extensions/git/dist/main.js:2:1259661)
	at v.invoke (/opt/visual-studio-code/resources/app/out/vs/workbench/api/node/extensionHostProcess.js:63:145)
	at h.deliver (/opt/visual-studio-code/resources/app/out/vs/workbench/api/node/extensionHostProcess.js:63:2121)
	at i.fire (/opt/visual-studio-code/resources/app/out/vs/workbench/api/node/extensionHostProcess.js:63:1729)
	at Object.m [as dispose] (/opt/visual-studio-code/resources/app/extensions/git/dist/main.js:2:1274494)
	at /opt/visual-studio-code/resources/app/extensions/git/dist/main.js:2:1278940
	at Array.forEach (<anonymous>)
	at g.dispose (/opt/visual-studio-code/resources/app/extensions/git/dist/main.js:2:1278926)
	at t.<anonymous> (/opt/visual-studio-code/resources/app/out/vs/workbench/api/node/extensionHostProcess.js:96:12369)
	at t.dispose (/opt/visual-studio-code/resources/app/out/vs/workbench/api/node/extensionHostProcess.js:96:12504)
	at t.<anonymous> (/opt/visual-studio-code/resources/app/extensions/git/dist/main.js:2:1261791)
	at t.dispose (/opt/visual-studio-code/resources/app/out/vs/workbench/api/node/extensionHostProcess.js:96:12504)
	at T (/opt/visual-studio-code/resources/app/out/vs/workbench/api/node/extensionHostProcess.js:10:12080)
	at v.Y (/opt/visual-studio-code/resources/app/out/vs/workbench/api/node/extensionHostProcess.js:112:11173)
	at /opt/visual-studio-code/resources/app/out/vs/workbench/api/node/extensionHostProcess.js:112:9157
	at Array.map (<anonymous>)
	at v.R (/opt/visual-studio-code/resources/app/out/vs/workbench/api/node/extensionHostProcess.js:112:9144)
	at v.terminate (/opt/visual-studio-code/resources/app/out/vs/workbench/api/node/extensionHostProcess.js:112:9415)
	at d.terminate (/opt/visual-studio-code/resources/app/out/vs/workbench/api/node/extensionHostProcess.js:116:1544)
	at g (/opt/visual-studio-code/resources/app/out/vs/workbench/api/node/extensionHostProcess.js:126:34439)
	at MessagePortMain.<anonymous> (/opt/visual-studio-code/resources/app/out/vs/workbench/api/node/extensionHostProcess.js:126:30578)
	at MessagePortMain.emit (node:events:513:28)
	at MessagePortMain._internalPort.emit (node:electron/js2c/utility_init:2:367) setContext undefined
2023-05-14 05:30:44.640 [info] Extension host with pid 30557 exiting with code 0
