2024-12-22 00:16:25.134 [info] [main] Log level: Info
2024-12-22 00:16:25.134 [info] [main] Validating found git in: "git"
2024-12-22 00:16:25.134 [info] [main] Using git "2.47.1" from "git"
2024-12-22 00:16:25.134 [info] [Model][doInitialScan] Initial repository scan started
2024-12-22 00:16:25.134 [info] > git rev-parse --show-toplevel [85ms]
2024-12-22 00:16:25.134 [info] > git rev-parse --git-dir --git-common-dir [5ms]
2024-12-22 00:16:25.134 [info] [Model][openRepository] Opened repository: /home/akashg/Downloads/Doom-Emacs-Config
2024-12-22 00:16:25.157 [info] > git rev-parse --show-toplevel [2ms]
2024-12-22 00:16:25.158 [info] > git config --get commit.template [12ms]
2024-12-22 00:16:25.180 [info] > git for-each-ref --format=%(refname)%00%(upstream:short)%00%(objectname)%00%(upstream:track)%00%(upstream:remotename)%00%(upstream:remoteref) refs/heads/main refs/remotes/main [2ms]
2024-12-22 00:16:25.181 [info] > git rev-parse --show-toplevel [13ms]
2024-12-22 00:16:25.194 [info] > git rev-parse --show-toplevel [3ms]
2024-12-22 00:16:25.196 [info] [Model][doInitialScan] Initial repository scan completed - repositories (1), closed repositories (0), parent repositories (0), unsafe repositories (0)
2024-12-22 00:16:25.219 [info] > git status -z -uall [12ms]
2024-12-22 00:16:25.220 [info] > git for-each-ref --sort -committerdate --format %(refname) %(objectname) %(*objectname) [2ms]
2024-12-22 00:16:25.265 [info] > git for-each-ref --format=%(refname)%00%(upstream:short)%00%(objectname)%00%(upstream:track)%00%(upstream:remotename)%00%(upstream:remoteref) refs/heads/main refs/remotes/main [32ms]
2024-12-22 00:16:25.278 [info] > git config --local branch.main.vscode-merge-base [2ms]
2024-12-22 00:16:25.278 [warning] [Git][config] git config failed: Failed to execute git
2024-12-22 00:16:25.289 [info] > git config --get commit.template [37ms]
2024-12-22 00:16:25.302 [info] > git reflog main --grep-reflog=branch: Created from *. [12ms]
2024-12-22 00:16:26.123 [info] > git symbolic-ref --short refs/remotes/origin/HEAD [811ms]
2024-12-22 00:16:26.145 [info] > git check-ignore -v -z --stdin [1ms]
2024-12-22 00:16:26.145 [info] > git for-each-ref --format=%(refname)%00%(upstream:short)%00%(objectname)%00%(upstream:track)%00%(upstream:remotename)%00%(upstream:remoteref) refs/heads/origin/main refs/remotes/origin/main [13ms]
2024-12-22 00:16:26.155 [info] > git for-each-ref --format=%(refname)%00%(upstream:short)%00%(objectname)%00%(upstream:track)%00%(upstream:remotename)%00%(upstream:remoteref) refs/heads/main refs/remotes/main [834ms]
2024-12-22 00:16:26.166 [info] > git config --local branch.main.vscode-merge-base origin/main [11ms]
2024-12-22 00:16:26.188 [info] > git config --get commit.template [12ms]
2024-12-22 00:16:26.208 [info] > git for-each-ref --format=%(refname)%00%(upstream:short)%00%(objectname)%00%(upstream:track)%00%(upstream:remotename)%00%(upstream:remoteref) refs/heads/main refs/remotes/main [22ms]
2024-12-22 00:16:26.220 [info] > git config --local branch.main.vscode-merge-base [2ms]
2024-12-22 00:16:26.230 [info] > git for-each-ref --format=%(refname)%00%(upstream:short)%00%(objectname)%00%(upstream:track)%00%(upstream:remotename)%00%(upstream:remoteref) refs/heads/main refs/remotes/main [23ms]
2024-12-22 00:16:26.230 [info] > git config --get commit.template [32ms]
2024-12-22 00:16:26.231 [info] > git for-each-ref --format=%(refname)%00%(upstream:short)%00%(objectname)%00%(upstream:track)%00%(upstream:remotename)%00%(upstream:remoteref) refs/heads/origin/main refs/remotes/origin/main [1ms]
2024-12-22 00:16:26.257 [info] > git merge-base refs/heads/main refs/remotes/origin/main [15ms]
2024-12-22 00:16:26.280 [info] > git diff --name-status -z --diff-filter=ADMR ff5b3fa86eae0ebe2d651ae4ce80da223d1ca322...refs/remotes/origin/main [13ms]
2024-12-22 00:16:26.280 [info] > git for-each-ref --format=%(refname)%00%(upstream:short)%00%(objectname)%00%(upstream:track)%00%(upstream:remotename)%00%(upstream:remoteref) refs/heads/main refs/remotes/main [27ms]
2024-12-22 00:16:26.302 [info] > git status -z -uall [10ms]
2024-12-22 00:16:26.303 [info] > git log --format=%H%n%aN%n%aE%n%at%n%ct%n%P%n%D%n%B -z --shortstat --diff-merges=first-parent -n50 --skip=0 --topo-order --decorate=full --stdin [24ms]
2024-12-22 00:16:26.304 [info] > git for-each-ref --sort -committerdate --format %(refname) %(objectname) %(*objectname) [3ms]
2024-12-22 00:16:28.032 [info] > git show --textconv HEAD:config.el [15ms]
2024-12-22 00:16:28.035 [info] > git ls-tree -l HEAD -- /home/akashg/Downloads/Doom-Emacs-Config/config.el [5ms]
2024-12-22 00:16:28.129 [info] > git blame --root --incremental ff5b3fa86eae0ebe2d651ae4ce80da223d1ca322 -- /home/akashg/Downloads/Doom-Emacs-Config/config.el [9ms]
2024-12-22 00:16:30.915 [info] > git ls-tree -l HEAD -- /home/akashg/Downloads/Doom-Emacs-Config/config.el [2ms]
2024-12-22 00:16:45.777 [info] > git config --get commit.template [20ms]
2024-12-22 00:16:45.778 [info] > git for-each-ref --format=%(refname)%00%(upstream:short)%00%(objectname)%00%(upstream:track)%00%(upstream:remotename)%00%(upstream:remoteref) refs/heads/main refs/remotes/main [2ms]
2024-12-22 00:16:45.823 [info] > git status -z -uall [24ms]
2024-12-22 00:16:45.825 [info] > git for-each-ref --sort -committerdate --format %(refname) %(objectname) %(*objectname) [3ms]
2024-12-22 00:17:03.781 [info] > git show --textconv :init.el [14ms]
2024-12-22 00:17:03.781 [info] > git ls-files --stage -- /home/akashg/Downloads/Doom-Emacs-Config/init.el [1ms]
2024-12-22 00:17:03.793 [info] > git cat-file -s adb70f105e04d2fb5ff7faacbaf7e88c570a4229 [2ms]
2024-12-22 00:17:06.214 [info] > git show --textconv HEAD:init.el [11ms]
2024-12-22 00:17:06.215 [info] > git ls-tree -l HEAD -- /home/akashg/Downloads/Doom-Emacs-Config/init.el [2ms]
2024-12-22 00:17:06.258 [info] > git blame --root --incremental ff5b3fa86eae0ebe2d651ae4ce80da223d1ca322 -- /home/akashg/Downloads/Doom-Emacs-Config/init.el [2ms]
2024-12-22 00:17:27.648 [info] > git config --get commit.template [12ms]
2024-12-22 00:17:27.649 [info] > git for-each-ref --format=%(refname)%00%(upstream:short)%00%(objectname)%00%(upstream:track)%00%(upstream:remotename)%00%(upstream:remoteref) refs/heads/main refs/remotes/main [1ms]
2024-12-22 00:17:27.673 [info] > git status -z -uall [12ms]
2024-12-22 00:17:27.673 [info] > git for-each-ref --sort -committerdate --format %(refname) %(objectname) %(*objectname) [1ms]
2024-12-22 00:17:29.756 [info] > git add -A -- /home/akashg/Downloads/Doom-Emacs-Config/config.el /home/akashg/Downloads/Doom-Emacs-Config/config.org [45ms]
2024-12-22 00:17:29.796 [info] > git config --get commit.template [20ms]
2024-12-22 00:17:29.797 [info] > git for-each-ref --format=%(refname)%00%(upstream:short)%00%(objectname)%00%(upstream:track)%00%(upstream:remotename)%00%(upstream:remoteref) refs/heads/main refs/remotes/main [2ms]
2024-12-22 00:17:29.840 [info] > git status -z -uall [23ms]
2024-12-22 00:17:29.843 [info] > git for-each-ref --sort -committerdate --format %(refname) %(objectname) %(*objectname) [2ms]
2024-12-22 00:17:31.027 [info] > git ls-files --stage -- /home/akashg/Downloads/Doom-Emacs-Config/config.el [22ms]
2024-12-22 00:17:31.049 [info] > git ls-tree -l HEAD -- /home/akashg/Downloads/Doom-Emacs-Config/init.el [23ms]
2024-12-22 00:17:31.051 [info] > git cat-file -s c00cf27fdbf9a8f9cedd7fdae8f94b33a1cb231d [4ms]
2024-12-22 00:17:31.091 [info] > git show --textconv HEAD:init.el [20ms]
2024-12-22 00:17:31.093 [info] > git show --textconv :config.el [3ms]
2024-12-22 00:17:32.720 [info] > git config --get commit.template [20ms]
2024-12-22 00:17:32.721 [info] > git for-each-ref --format=%(refname)%00%(upstream:short)%00%(objectname)%00%(upstream:track)%00%(upstream:remotename)%00%(upstream:remoteref) refs/heads/main refs/remotes/main [2ms]
2024-12-22 00:17:32.762 [info] > git status -z -uall [20ms]
2024-12-22 00:17:32.764 [info] > git for-each-ref --sort -committerdate --format %(refname) %(objectname) %(*objectname) [2ms]
2024-12-22 00:17:36.854 [info] > git -c user.useConfigOnly=true commit --quiet --allow-empty-message --file - [5ms]
2024-12-22 00:17:36.868 [info] > git config --get commit.template [1ms]
2024-12-22 00:17:36.884 [info] > git config --get commit.template [2ms]
2024-12-22 00:17:36.899 [info] > git for-each-ref --format=%(refname)%00%(upstream:short)%00%(objectname)%00%(upstream:track)%00%(upstream:remotename)%00%(upstream:remoteref) refs/heads/main refs/remotes/main [2ms]
2024-12-22 00:17:36.925 [info] > git status -z -uall [13ms]
2024-12-22 00:17:36.926 [info] > git for-each-ref --sort -committerdate --format %(refname) %(objectname) %(*objectname) [2ms]
2024-12-22 00:17:36.957 [info] > git merge-base refs/heads/main refs/remotes/origin/main [3ms]
2024-12-22 00:17:36.970 [info] > git blame --root --incremental 23b43657909e12539a6916d90b5032e7711f6f0a -- /home/akashg/Downloads/Doom-Emacs-Config/init.el [30ms]
2024-12-22 00:17:36.984 [info] > git diff --name-status -z --diff-filter=ADMR ff5b3fa86eae0ebe2d651ae4ce80da223d1ca322...refs/remotes/origin/main [14ms]
2024-12-22 00:17:36.999 [info] > git config --get commit.template [1ms]
2024-12-22 00:17:37.013 [info] > git for-each-ref --format=%(refname)%00%(upstream:short)%00%(objectname)%00%(upstream:track)%00%(upstream:remotename)%00%(upstream:remoteref) refs/heads/main refs/remotes/main [1ms]
2024-12-22 00:17:37.013 [info] > git log --format=%H%n%aN%n%aE%n%at%n%ct%n%P%n%D%n%B -z --shortstat --diff-merges=first-parent -n50 --skip=0 --topo-order --decorate=full --stdin [30ms]
2024-12-22 00:17:37.040 [info] > git status -z -uall [13ms]
2024-12-22 00:17:37.040 [info] > git for-each-ref --sort -committerdate --format %(refname) %(objectname) %(*objectname) [1ms]
2024-12-22 00:17:38.045 [info] > git ls-tree -l HEAD -- /home/akashg/Downloads/Doom-Emacs-Config/init.el [2ms]
2024-12-22 00:17:38.113 [info] > git ls-tree -l HEAD -- /home/akashg/Downloads/Doom-Emacs-Config/config.el [23ms]
2024-12-22 00:17:38.114 [info] > git ls-tree -l HEAD -- /home/akashg/Downloads/Doom-Emacs-Config/init.el [2ms]
2024-12-22 00:17:38.163 [info] > git show --textconv HEAD:config.el [25ms]
2024-12-22 00:17:38.164 [info] > git show --textconv HEAD:init.el [3ms]
2024-12-22 00:17:39.172 [info] > git ls-tree -l HEAD -- /home/akashg/Downloads/Doom-Emacs-Config/init.el [3ms]
2024-12-22 00:17:39.174 [info] > git log --oneline --cherry main...main@{upstream} -- [34ms]
2024-12-22 00:17:39.550 [info] > git pull --tags origin main [353ms]
2024-12-22 00:17:39.550 [info] From https://github.com/akash-g0807/Doom-Emacs-Config
 * branch            main       -> FETCH_HEAD
2024-12-22 00:17:40.690 [info] > git push origin main:main [1121ms]
2024-12-22 00:17:40.690 [info] To https://github.com/akash-g0807/Doom-Emacs-Config.git
   ff5b3fa..23b4365  main -> main
2024-12-22 00:17:40.713 [info] > git config --get commit.template [2ms]
2024-12-22 00:17:40.735 [info] > git for-each-ref --format=%(refname)%00%(upstream:short)%00%(objectname)%00%(upstream:track)%00%(upstream:remotename)%00%(upstream:remoteref) refs/heads/main refs/remotes/main [1ms]
2024-12-22 00:17:40.779 [info] > git status -z -uall [23ms]
2024-12-22 00:17:40.780 [info] > git for-each-ref --sort -committerdate --format %(refname) %(objectname) %(*objectname) [2ms]
2024-12-22 00:17:40.830 [info] > git merge-base refs/heads/main refs/remotes/origin/main [27ms]
2024-12-22 00:17:40.877 [info] > git diff --name-status -z --diff-filter=ADMR 23b43657909e12539a6916d90b5032e7711f6f0a...refs/remotes/origin/main [22ms]
2024-12-22 00:17:40.878 [info] > git config --get commit.template [50ms]
2024-12-22 00:17:40.900 [info] > git for-each-ref --format=%(refname)%00%(upstream:short)%00%(objectname)%00%(upstream:track)%00%(upstream:remotename)%00%(upstream:remoteref) refs/heads/main refs/remotes/main [1ms]
2024-12-22 00:17:40.945 [info] > git status -z -uall [24ms]
2024-12-22 00:17:40.946 [info] > git log --format=%H%n%aN%n%aE%n%at%n%ct%n%P%n%D%n%B -z --shortstat --diff-merges=first-parent -n50 --skip=0 --topo-order --decorate=full --stdin [69ms]
2024-12-22 00:17:40.947 [info] > git for-each-ref --sort -committerdate --format %(refname) %(objectname) %(*objectname) [3ms]
2024-12-22 00:17:41.926 [info] > git ls-tree -l HEAD -- /home/akashg/Downloads/Doom-Emacs-Config/config.el [25ms]
2024-12-22 00:17:41.946 [info] > git ls-tree -l HEAD -- /home/akashg/Downloads/Doom-Emacs-Config/init.el [22ms]
2024-12-22 00:17:41.966 [info] > git show --textconv HEAD:config.el [21ms]
2024-12-22 00:17:41.967 [info] > git show --textconv HEAD:init.el [2ms]
