2024-12-21 22:35:10.699 [info] [main] Log level: Info
2024-12-21 22:35:10.699 [info] [main] Validating found git in: "git"
2024-12-21 22:35:10.699 [info] [main] Using git "2.47.1" from "git"
2024-12-21 22:35:10.699 [info] [Model][doInitialScan] Initial repository scan started
2024-12-21 22:35:10.699 [info] > git rev-parse --show-toplevel [4ms]
2024-12-21 22:35:10.699 [info] > git rev-parse --git-dir --git-common-dir [1ms]
2024-12-21 22:35:10.699 [info] [Model][openRepository] Opened repository: /home/akashg/Downloads/Hyprland-Dotfiles
2024-12-21 22:35:10.732 [info] > git rev-parse --show-toplevel [26ms]
2024-12-21 22:35:10.733 [info] > git config --get commit.template [29ms]
2024-12-21 22:35:10.763 [info] > git rev-parse --show-toplevel [13ms]
2024-12-21 22:35:10.767 [info] > git for-each-ref --format=%(refname)%00%(upstream:short)%00%(objectname)%00%(upstream:track)%00%(upstream:remotename)%00%(upstream:remoteref) refs/heads/experimental refs/remotes/experimental [5ms]
2024-12-21 22:35:10.768 [info] > git rev-parse --show-toplevel [1ms]
2024-12-21 22:35:10.781 [info] > git rev-parse --show-toplevel [10ms]
2024-12-21 22:35:10.784 [info] [Model][doInitialScan] Initial repository scan completed - repositories (1), closed repositories (0), parent repositories (0), unsafe repositories (0)
2024-12-21 22:35:10.786 [info] > git for-each-ref --sort -committerdate --format %(refname) %(objectname) %(*objectname) [6ms]
2024-12-21 22:35:10.824 [info] > git status -z -uall [50ms]
2024-12-21 22:35:10.839 [info] > git for-each-ref --format=%(refname)%00%(upstream:short)%00%(objectname)%00%(upstream:track)%00%(upstream:remotename)%00%(upstream:remoteref) refs/heads/experimental refs/remotes/experimental [6ms]
2024-12-21 22:35:10.846 [info] > git config --get commit.template [7ms]
2024-12-21 22:35:10.847 [info] > git config --local branch.experimental.vscode-merge-base [3ms]
2024-12-21 22:35:10.854 [info] > git for-each-ref --format=%(refname)%00%(upstream:short)%00%(objectname)%00%(upstream:track)%00%(upstream:remotename)%00%(upstream:remoteref) refs/heads/origin/master refs/remotes/origin/master [3ms]
2024-12-21 22:35:10.868 [info] > git merge-base refs/heads/experimental refs/remotes/origin/experimental [9ms]
2024-12-21 22:35:10.873 [info] > git for-each-ref --format=%(refname)%00%(upstream:short)%00%(objectname)%00%(upstream:track)%00%(upstream:remotename)%00%(upstream:remoteref) refs/heads/experimental refs/remotes/experimental [19ms]
2024-12-21 22:35:10.882 [info] > git diff --name-status -z --diff-filter=ADMR 896b9cae6c727646ffb0640fd09e87e6075f2c33...refs/remotes/origin/experimental [9ms]
2024-12-21 22:35:10.884 [info] > git for-each-ref --sort -committerdate --format %(refname) %(objectname) %(*objectname) [1ms]
2024-12-21 22:35:10.920 [info] > git status -z -uall [42ms]
2024-12-21 22:35:11.231 [info] > git check-ignore -v -z --stdin [13ms]
2024-12-21 22:35:40.962 [info] [main] Log level: Info
2024-12-21 22:35:40.962 [info] [main] Validating found git in: "git"
2024-12-21 22:35:40.962 [info] [main] Using git "2.47.1" from "git"
2024-12-21 22:35:40.962 [info] [Model][doInitialScan] Initial repository scan started
2024-12-21 22:35:40.962 [info] > git rev-parse --show-toplevel [3ms]
2024-12-21 22:35:40.967 [info] > git rev-parse --git-dir --git-common-dir [1ms]
2024-12-21 22:35:40.976 [info] [Model][openRepository] Opened repository: /home/akashg/Documents/rust-test
2024-12-21 22:35:40.988 [info] > git rev-parse --show-toplevel [2ms]
2024-12-21 22:35:40.989 [info] > git config --get commit.template [5ms]
2024-12-21 22:35:41.012 [info] [Git][getRemotes] No remotes found in the git config file
2024-12-21 22:35:41.016 [info] > git rev-parse --show-toplevel [12ms]
2024-12-21 22:35:41.018 [info] [Model][doInitialScan] Initial repository scan completed - repositories (1), closed repositories (0), parent repositories (0), unsafe repositories (0)
2024-12-21 22:35:41.019 [info] > git for-each-ref --format=%(refname)%00%(upstream:short)%00%(objectname)%00%(upstream:track)%00%(upstream:remotename)%00%(upstream:remoteref) refs/heads/master refs/remotes/master [3ms]
2024-12-21 22:35:41.019 [warning] [Git][getBranch] No such branch: master
2024-12-21 22:35:41.028 [info] > git status -z -uall [5ms]
2024-12-21 22:35:41.029 [info] > git for-each-ref --sort -committerdate --format %(refname) %(objectname) %(*objectname) [3ms]
2024-12-21 22:35:41.042 [info] > git for-each-ref --format=%(refname)%00%(upstream:short)%00%(objectname)%00%(upstream:track)%00%(upstream:remotename)%00%(upstream:remoteref) refs/heads/master refs/remotes/master [6ms]
2024-12-21 22:35:41.042 [warning] [Git][getBranch] No such branch: master
2024-12-21 22:35:41.043 [error] [GitHistoryProvider][resolveHEADMergeBase] Failed to resolve merge base for master: Error: No such branch: master.
2024-12-21 22:35:41.045 [info] > git config --get commit.template [2ms]
2024-12-21 22:35:41.051 [info] [Git][getRemotes] No remotes found in the git config file
2024-12-21 22:35:41.052 [info] > git for-each-ref --format=%(refname)%00%(upstream:short)%00%(objectname)%00%(upstream:track)%00%(upstream:remotename)%00%(upstream:remoteref) refs/heads/master refs/remotes/master [1ms]
2024-12-21 22:35:41.052 [warning] [Git][getBranch] No such branch: master
2024-12-21 22:35:41.060 [info] > git status -z -uall [4ms]
2024-12-21 22:35:41.061 [info] > git for-each-ref --sort -committerdate --format %(refname) %(objectname) %(*objectname) [2ms]
2024-12-21 22:35:41.496 [info] > git check-ignore -v -z --stdin [1ms]
2024-12-21 22:35:42.790 [info] > git check-ignore -v -z --stdin [1ms]
2024-12-21 22:35:43.580 [info] > git show --textconv :src/main.rs [7ms]
2024-12-21 22:35:43.582 [info] > git ls-files --stage -- /home/akashg/Documents/rust-test/src/main.rs [3ms]
2024-12-21 22:37:17.877 [info] > git config --get commit.template [13ms]
2024-12-21 22:37:17.891 [info] [Git][getRemotes] No remotes found in the git config file
2024-12-21 22:37:17.907 [info] > git for-each-ref --format=%(refname)%00%(upstream:short)%00%(objectname)%00%(upstream:track)%00%(upstream:remotename)%00%(upstream:remoteref) refs/heads/master refs/remotes/master [6ms]
2024-12-21 22:37:17.907 [warning] [Git][getBranch] No such branch: master
2024-12-21 22:37:17.937 [info] > git status -z -uall [19ms]
2024-12-21 22:37:17.938 [info] > git for-each-ref --sort -committerdate --format %(refname) %(objectname) %(*objectname) [11ms]
2024-12-21 22:38:09.862 [info] > git config --get commit.template [2ms]
2024-12-21 22:38:09.888 [info] [Git][getRemotes] No remotes found in the git config file
2024-12-21 22:38:09.889 [info] > git for-each-ref --format=%(refname)%00%(upstream:short)%00%(objectname)%00%(upstream:track)%00%(upstream:remotename)%00%(upstream:remoteref) refs/heads/master refs/remotes/master [2ms]
2024-12-21 22:38:09.889 [warning] [Git][getBranch] No such branch: master
2024-12-21 22:38:09.935 [info] > git status -z -uall [24ms]
2024-12-21 22:38:09.936 [info] > git for-each-ref --sort -committerdate --format %(refname) %(objectname) %(*objectname) [2ms]
2024-12-21 22:38:14.959 [info] > git config --get commit.template [1ms]
2024-12-21 22:38:14.977 [info] [Git][getRemotes] No remotes found in the git config file
2024-12-21 22:38:14.978 [info] > git for-each-ref --format=%(refname)%00%(upstream:short)%00%(objectname)%00%(upstream:track)%00%(upstream:remotename)%00%(upstream:remoteref) refs/heads/master refs/remotes/master [1ms]
2024-12-21 22:38:14.978 [warning] [Git][getBranch] No such branch: master
2024-12-21 22:38:15.010 [info] > git status -z -uall [15ms]
2024-12-21 22:38:15.011 [info] > git for-each-ref --sort -committerdate --format %(refname) %(objectname) %(*objectname) [3ms]
2024-12-21 22:38:16.848 [info] > git ls-files --stage -- /home/akashg/Documents/rust-test/src/main.rs [1ms]
2024-12-21 22:38:16.862 [info] > git show --textconv :src/main.rs [1ms]
2024-12-21 22:38:20.056 [info] [Git][getRemotes] No remotes found in the git config file
2024-12-21 22:38:20.056 [info] > git config --get commit.template [20ms]
2024-12-21 22:38:20.057 [info] > git for-each-ref --format=%(refname)%00%(upstream:short)%00%(objectname)%00%(upstream:track)%00%(upstream:remotename)%00%(upstream:remoteref) refs/heads/master refs/remotes/master [2ms]
2024-12-21 22:38:20.057 [warning] [Git][getBranch] No such branch: master
2024-12-21 22:38:20.102 [info] > git status -z -uall [23ms]
2024-12-21 22:38:20.103 [info] > git for-each-ref --sort -committerdate --format %(refname) %(objectname) %(*objectname) [1ms]
2024-12-21 22:38:36.896 [info] > git config --get commit.template [4ms]
2024-12-21 22:38:36.911 [info] [Git][getRemotes] No remotes found in the git config file
2024-12-21 22:38:36.911 [info] > git for-each-ref --format=%(refname)%00%(upstream:short)%00%(objectname)%00%(upstream:track)%00%(upstream:remotename)%00%(upstream:remoteref) refs/heads/master refs/remotes/master [1ms]
2024-12-21 22:38:36.911 [warning] [Git][getBranch] No such branch: master
2024-12-21 22:38:36.948 [info] > git status -z -uall [18ms]
2024-12-21 22:38:36.948 [info] > git for-each-ref --sort -committerdate --format %(refname) %(objectname) %(*objectname) [1ms]
2024-12-21 22:38:36.999 [info] > git ls-files --stage -- /home/akashg/Documents/rust-test/src/main.rs [2ms]
2024-12-21 22:38:37.022 [info] > git show --textconv :src/main.rs [4ms]
2024-12-21 22:38:42.362 [info] > git show --textconv :.vscode/launch.json [27ms]
2024-12-21 22:38:42.364 [info] > git ls-files --stage -- /home/akashg/Documents/rust-test/.vscode/launch.json [5ms]
2024-12-21 22:38:42.495 [info] > git check-ignore -v -z --stdin [1ms]
2024-12-21 22:38:43.014 [info] [Git][getRemotes] No remotes found in the git config file
2024-12-21 22:38:43.015 [info] > git config --get commit.template [21ms]
2024-12-21 22:38:43.015 [info] > git for-each-ref --format=%(refname)%00%(upstream:short)%00%(objectname)%00%(upstream:track)%00%(upstream:remotename)%00%(upstream:remoteref) refs/heads/master refs/remotes/master [1ms]
2024-12-21 22:38:43.016 [warning] [Git][getBranch] No such branch: master
2024-12-21 22:38:43.060 [info] > git status -z -uall [21ms]
2024-12-21 22:38:43.063 [info] > git for-each-ref --sort -committerdate --format %(refname) %(objectname) %(*objectname) [3ms]
2024-12-21 22:38:46.866 [info] > git show --textconv :src/main.rs [25ms]
2024-12-21 22:38:46.866 [info] > git ls-files --stage -- /home/akashg/Documents/rust-test/src/main.rs [1ms]
2024-12-21 22:38:48.109 [info] [Git][getRemotes] No remotes found in the git config file
2024-12-21 22:38:48.109 [info] > git config --get commit.template [21ms]
2024-12-21 22:38:48.110 [info] > git for-each-ref --format=%(refname)%00%(upstream:short)%00%(objectname)%00%(upstream:track)%00%(upstream:remotename)%00%(upstream:remoteref) refs/heads/master refs/remotes/master [1ms]
2024-12-21 22:38:48.110 [warning] [Git][getBranch] No such branch: master
2024-12-21 22:38:48.154 [info] > git status -z -uall [24ms]
2024-12-21 22:38:48.155 [info] > git for-each-ref --sort -committerdate --format %(refname) %(objectname) %(*objectname) [2ms]
2024-12-21 22:39:09.085 [info] > git rev-parse --show-toplevel [3ms]
2024-12-21 22:39:09.085 [info] fatal: not a git repository (or any parent up to mount point /)
Stopping at filesystem boundary (GIT_DISCOVERY_ACROSS_FILESYSTEM not set).
