2024-12-08 11:22:14.094 [info] [main] Log level: Info
2024-12-08 11:22:14.095 [info] [main] Validating found git in: "git"
2024-12-08 11:22:14.095 [info] [main] Using git "2.47.1" from "git"
2024-12-08 11:22:14.095 [info] [Model][doInitialScan] Initial repository scan started
2024-12-08 11:22:14.095 [info] > git rev-parse --show-toplevel [3ms]
2024-12-08 11:22:14.095 [info] fatal: not a git repository (or any parent up to mount point /)
Stopping at filesystem boundary (GIT_DISCOVERY_ACROSS_FILESYSTEM not set).
2024-12-08 11:22:14.095 [info] > git rev-parse --show-toplevel [3ms]
2024-12-08 11:22:14.095 [info] fatal: not a git repository (or any parent up to mount point /)
Stopping at filesystem boundary (GIT_DISCOVERY_ACROSS_FILESYSTEM not set).
2024-12-08 11:22:14.095 [info] [Model][doInitialScan] Initial repository scan completed - repositories (0), closed repositories (0), parent repositories (0), unsafe repositories (0)
2024-12-08 11:22:14.102 [info] > git rev-parse --show-toplevel [1ms]
2024-12-08 11:22:14.102 [info] fatal: not a git repository (or any parent up to mount point /)
Stopping at filesystem boundary (GIT_DISCOVERY_ACROSS_FILESYSTEM not set).
2024-12-08 11:22:14.830 [info] > git rev-parse --show-toplevel [1ms]
2024-12-08 11:22:14.830 [info] fatal: not a git repository (or any parent up to mount point /)
Stopping at filesystem boundary (GIT_DISCOVERY_ACROSS_FILESYSTEM not set).
2024-12-08 11:22:14.946 [info] > git rev-parse --show-toplevel [2ms]
2024-12-08 11:22:14.947 [info] fatal: not a git repository (or any parent up to mount point /)
Stopping at filesystem boundary (GIT_DISCOVERY_ACROSS_FILESYSTEM not set).
2024-12-08 11:22:15.415 [info] > git rev-parse --show-toplevel [4ms]
2024-12-08 11:22:15.415 [info] fatal: not a git repository (or any parent up to mount point /)
Stopping at filesystem boundary (GIT_DISCOVERY_ACROSS_FILESYSTEM not set).
