2024-12-25 13:54:48.346 [info] Reading sessions from keychain...
2024-12-25 13:54:48.346 [info] Getting sessions for all scopes...
2024-12-25 13:54:48.346 [info] Getting sessions for all scopes...
2024-12-25 13:54:48.346 [info] Getting sessions for all scopes...
2024-12-25 13:54:48.346 [info] Got stored sessions!
2024-12-25 13:54:48.346 [info] Got 1 verified sessions.
2024-12-25 13:54:48.346 [info] Got 1 sessions for ...
2024-12-25 13:54:48.346 [info] Got 1 sessions for ...
2024-12-25 13:54:48.346 [info] Got 1 sessions for ...
2024-12-25 13:54:48.346 [info] Getting sessions for all scopes...
2024-12-25 13:54:48.346 [info] Got 1 sessions for ...
2024-12-25 13:54:48.346 [info] Getting sessions for all scopes...
2024-12-25 13:54:48.346 [info] Got 1 sessions for ...
2024-12-25 13:54:48.346 [info] Getting sessions for all scopes...
2024-12-25 13:54:48.346 [info] Got 1 sessions for ...
2024-12-25 13:54:48.346 [info] Getting sessions for all scopes...
2024-12-25 13:54:48.346 [info] Got 1 sessions for ...
2024-12-25 13:54:48.346 [info] Getting sessions for all scopes...
2024-12-25 13:54:48.346 [info] Got 1 sessions for ...
2024-12-25 13:54:50.034 [info] Getting sessions for all scopes...
2024-12-25 13:54:50.034 [info] Got 1 sessions for ...
2024-12-25 13:54:50.034 [info] Getting sessions for user:email...
2024-12-25 13:54:50.034 [info] Got 1 sessions for user:email...
2024-12-25 13:54:50.178 [info] Getting sessions for read:user,repo,user:email,workflow...
2024-12-25 13:54:50.178 [info] Got 0 sessions for read:user,repo,user:email,workflow...
2024-12-25 13:54:50.178 [info] Getting sessions for all scopes...
2024-12-25 13:54:50.178 [info] Got 1 sessions for ...
2024-12-25 13:54:50.178 [info] Getting sessions for all scopes...
2024-12-25 13:54:50.178 [info] Got 1 sessions for ...
2024-12-25 13:54:50.316 [info] Getting sessions for read:user,repo,user:email,workflow...
2024-12-25 13:54:50.316 [info] Got 0 sessions for read:user,repo,user:email,workflow...
2024-12-25 13:54:50.353 [info] Getting sessions for read:user...
2024-12-25 13:54:50.353 [info] Got 0 sessions for read:user...
2024-12-25 13:54:50.354 [info] Getting sessions for read:user,repo,user:email,workflow...
2024-12-25 13:54:50.354 [info] Got 0 sessions for read:user,repo,user:email,workflow...
2024-12-25 13:54:50.528 [info] Getting sessions for user:email...
2024-12-25 13:54:50.529 [info] Got 1 sessions for user:email...
2024-12-25 13:54:50.529 [info] Getting sessions for user:email...
2024-12-25 13:54:50.529 [info] Got 1 sessions for user:email...
2024-12-25 13:54:50.702 [info] Getting sessions for all scopes...
2024-12-25 13:54:50.702 [info] Got 1 sessions for ...
2024-12-25 13:54:50.703 [info] Getting sessions for all scopes...
2024-12-25 13:54:50.703 [info] Got 1 sessions for ...
2024-12-25 13:54:50.753 [info] Getting sessions for all scopes...
2024-12-25 13:54:50.753 [info] Got 1 sessions for ...
2024-12-25 13:54:51.842 [info] Getting sessions for read:user,repo,user:email,workflow...
2024-12-25 13:54:51.842 [info] Got 0 sessions for read:user,repo,user:email,workflow...
2024-12-25 13:54:51.869 [info] Getting sessions for user:email...
2024-12-25 13:54:51.869 [info] Got 1 sessions for user:email...
2024-12-25 13:54:52.184 [info] Getting sessions for all scopes...
2024-12-25 13:54:52.184 [info] Got 1 sessions for ...
2024-12-25 13:54:52.463 [info] Getting sessions for all scopes...
2024-12-25 13:54:52.463 [info] Got 1 sessions for ...
2024-12-25 13:54:52.463 [info] Getting sessions for all scopes...
2024-12-25 13:54:52.463 [info] Got 1 sessions for ...
2024-12-25 13:54:52.464 [info] Getting sessions for read:user,repo,user:email,workflow...
2024-12-25 13:54:52.464 [info] Got 0 sessions for read:user,repo,user:email,workflow...
2024-12-25 13:54:52.470 [info] Getting sessions for user:email...
2024-12-25 13:54:52.470 [info] Got 1 sessions for user:email...
2024-12-25 13:54:52.472 [info] Getting sessions for all scopes...
2024-12-25 13:54:52.472 [info] Got 1 sessions for ...
2024-12-25 13:54:52.473 [info] Getting sessions for read:user,repo,user:email,workflow...
2024-12-25 13:54:52.473 [info] Got 0 sessions for read:user,repo,user:email,workflow...
2024-12-25 13:54:52.473 [info] Getting sessions for user:email...
2024-12-25 13:54:52.473 [info] Got 1 sessions for user:email...
2024-12-25 13:54:52.513 [info] Getting sessions for all scopes...
2024-12-25 13:54:52.513 [info] Got 1 sessions for ...
2024-12-25 13:54:52.526 [info] Getting sessions for read:user,repo,user:email,workflow...
2024-12-25 13:54:52.526 [info] Got 0 sessions for read:user,repo,user:email,workflow...
2024-12-25 13:54:52.526 [info] Getting sessions for user:email...
2024-12-25 13:54:52.526 [info] Got 1 sessions for user:email...
2024-12-25 13:54:52.667 [info] Getting sessions for read:user,repo,user:email,workflow...
2024-12-25 13:54:52.667 [info] Got 0 sessions for read:user,repo,user:email,workflow...
2024-12-25 13:54:52.670 [info] Getting sessions for read:user...
2024-12-25 13:54:52.670 [info] Got 0 sessions for read:user...
2024-12-25 13:54:52.671 [info] Getting sessions for user:email...
2024-12-25 13:54:52.671 [info] Got 1 sessions for user:email...
