2024-12-08 11:22:13.041 [info] Started local extension host with pid 100606.
2024-12-08 11:22:13.071 [info] Started initializing default profile extensions in extensions installation folder. file:///home/akashg/.vscode/extensions
2024-12-08 11:22:13.390 [info] Completed initializing default profile extensions in extensions installation folder. file:///home/akashg/.vscode/extensions
2024-12-08 11:22:13.988 [info] Settings Sync: Updating due to initialize
2024-12-08 11:22:13.988 [info] Settings Sync: Updating authentication providers. Authentication Providers from store: [{"id":"github","scopes":["user:email"]},{"id":"microsoft","scopes":["openid","profile","email","offline_access"]}]
2024-12-08 11:22:13.988 [info] Settings Sync: Authentication providers updated []
2024-12-08 11:22:14.050 [info] Settings Sync: Updating authentication providers. Authentication Providers from store: [{"id":"github","scopes":["user:email"]},{"id":"microsoft","scopes":["openid","profile","email","offline_access"]}]
2024-12-08 11:22:14.050 [info] Settings Sync: Authentication providers updated ["github"]
2024-12-08 11:22:14.050 [info] Settings Sync: Updating authentication providers. Authentication Providers from store: [{"id":"github","scopes":["user:email"]},{"id":"microsoft","scopes":["openid","profile","email","offline_access"]}]
2024-12-08 11:22:14.051 [info] Settings Sync: Authentication providers updated ["github"]
2024-12-08 11:22:14.051 [info] Settings Sync: Updating authentication providers. Authentication Providers from store: [{"id":"github","scopes":["user:email"]},{"id":"microsoft","scopes":["openid","profile","email","offline_access"]}]
2024-12-08 11:22:14.051 [info] Settings Sync: Authentication providers updated ["github","microsoft"]
2024-12-08 11:22:14.051 [info] Settings Sync: Updating authentication providers. Authentication Providers from store: [{"id":"github","scopes":["user:email"]},{"id":"microsoft","scopes":["openid","profile","email","offline_access"]}]
2024-12-08 11:22:14.051 [info] Settings Sync: Authentication providers updated ["github","microsoft"]
2024-12-08 11:22:14.067 [info] Settings Sync: Updating due to declared authentication providers changed
2024-12-08 11:22:14.067 [info] Settings Sync: Updating authentication providers. Authentication Providers from store: [{"id":"github","scopes":["user:email"]},{"id":"microsoft","scopes":["openid","profile","email","offline_access"]}]
2024-12-08 11:22:14.068 [info] Settings Sync: Authentication providers updated ["github","microsoft"]
2024-12-08 11:22:14.068 [info] Settings Sync: Updating due to declared authentication providers changed
2024-12-08 11:22:14.068 [info] Settings Sync: Updating authentication providers. Authentication Providers from store: [{"id":"github","scopes":["user:email"]},{"id":"microsoft","scopes":["openid","profile","email","offline_access"]}]
2024-12-08 11:22:14.068 [info] Settings Sync: Authentication providers updated ["github","microsoft"]
2024-12-08 11:22:16.293 [info] [perf] Render performance baseline is 49ms
