2024-12-20 13:41:55.429 [info] [main] Log level: Info
2024-12-20 13:41:55.429 [info] [main] Validating found git in: "git"
2024-12-20 13:41:55.429 [info] [main] Using git "2.47.1" from "git"
2024-12-20 13:41:55.429 [info] [Model][doInitialScan] Initial repository scan started
2024-12-20 13:41:55.429 [info] > git rev-parse --show-toplevel [5ms]
2024-12-20 13:41:55.429 [info] > git rev-parse --git-dir --git-common-dir [2ms]
2024-12-20 13:41:55.429 [info] [Model][openRepository] Opened repository: /home/akashg/Downloads/Hyprland-Dotfiles
2024-12-20 13:41:55.438 [info] > git rev-parse --show-toplevel [1ms]
2024-12-20 13:41:55.440 [info] > git config --get commit.template [6ms]
2024-12-20 13:41:55.475 [info] > git rev-parse --show-toplevel [14ms]
2024-12-20 13:41:55.483 [info] > git for-each-ref --format=%(refname)%00%(upstream:short)%00%(objectname)%00%(upstream:track)%00%(upstream:remotename)%00%(upstream:remoteref) refs/heads/experimental refs/remotes/experimental [9ms]
2024-12-20 13:41:55.484 [info] > git rev-parse --show-toplevel [2ms]
2024-12-20 13:41:55.497 [info] > git rev-parse --show-toplevel [9ms]
2024-12-20 13:41:55.500 [info] [Model][doInitialScan] Initial repository scan completed - repositories (1), closed repositories (0), parent repositories (0), unsafe repositories (0)
2024-12-20 13:41:55.501 [info] > git for-each-ref --sort -committerdate --format %(refname) %(objectname) %(*objectname) [4ms]
2024-12-20 13:41:55.623 [info] > git status -z -uall [130ms]
2024-12-20 13:41:55.636 [info] > git for-each-ref --format=%(refname)%00%(upstream:short)%00%(objectname)%00%(upstream:track)%00%(upstream:remotename)%00%(upstream:remoteref) refs/heads/experimental refs/remotes/experimental [6ms]
2024-12-20 13:41:55.640 [info] > git config --get commit.template [5ms]
2024-12-20 13:41:55.641 [info] > git config --local branch.experimental.vscode-merge-base [1ms]
2024-12-20 13:41:55.641 [warning] [Git][config] git config failed: Failed to execute git
2024-12-20 13:41:55.650 [info] > git reflog experimental --grep-reflog=branch: Created from *. [5ms]
2024-12-20 13:41:55.653 [info] > git for-each-ref --format=%(refname)%00%(upstream:short)%00%(objectname)%00%(upstream:track)%00%(upstream:remotename)%00%(upstream:remoteref) refs/heads/experimental refs/remotes/experimental [4ms]
2024-12-20 13:41:55.663 [info] > git reflog HEAD --grep-reflog=checkout: moving from .* to experimental [10ms]
2024-12-20 13:41:55.670 [info] > git for-each-ref --sort -committerdate --format %(refname) %(objectname) %(*objectname) [8ms]
2024-12-20 13:41:55.672 [info] > git for-each-ref --format=%(refname)%00%(upstream:short)%00%(objectname)%00%(upstream:track)%00%(upstream:remotename)%00%(upstream:remoteref) refs/heads/master refs/remotes/master [2ms]
2024-12-20 13:41:55.678 [info] > git for-each-ref --format=%(refname)%00%(upstream:short)%00%(objectname)%00%(upstream:track)%00%(upstream:remotename)%00%(upstream:remoteref) refs/remotes/origin/master [1ms]
2024-12-20 13:41:55.683 [info] > git config --local branch.experimental.vscode-merge-base origin/master [1ms]
2024-12-20 13:41:55.695 [info] > git status -z -uall [38ms] (cancelled)
2024-12-20 13:41:55.695 [info] > git for-each-ref --format=%(refname)%00%(upstream:short)%00%(objectname)%00%(upstream:track)%00%(upstream:remotename)%00%(upstream:remoteref) refs/heads/experimental refs/remotes/experimental [7ms]
2024-12-20 13:41:55.699 [info] > git config --get commit.template [5ms]
2024-12-20 13:41:55.700 [info] > git config --local branch.experimental.vscode-merge-base [1ms]
2024-12-20 13:41:55.707 [info] > git for-each-ref --format=%(refname)%00%(upstream:short)%00%(objectname)%00%(upstream:track)%00%(upstream:remotename)%00%(upstream:remoteref) refs/heads/origin/master refs/remotes/origin/master [4ms]
2024-12-20 13:41:55.720 [info] > git merge-base refs/heads/experimental refs/remotes/origin/experimental [8ms]
2024-12-20 13:41:55.724 [info] > git for-each-ref --format=%(refname)%00%(upstream:short)%00%(objectname)%00%(upstream:track)%00%(upstream:remotename)%00%(upstream:remoteref) refs/heads/experimental refs/remotes/experimental [18ms]
2024-12-20 13:41:55.734 [info] > git diff --name-status -z --diff-filter=ADMR d31f4b5f37b626e6972ba5e2fea45bac2d454e47...refs/remotes/origin/experimental [10ms]
2024-12-20 13:41:55.735 [info] > git for-each-ref --sort -committerdate --format %(refname) %(objectname) %(*objectname) [1ms]
2024-12-20 13:41:55.781 [info] > git status -z -uall [52ms]
2024-12-20 13:41:55.957 [info] > git check-ignore -v -z --stdin [11ms]
