2023-05-14 08:47:54.117 [info] Extension host with pid 20532 started
2023-05-14 08:47:54.222 [info] ExtensionService#_doActivateExtension vscode.emmet, startup: false, activationEvent: 'onLanguage'
2023-05-14 08:47:54.235 [info] ExtensionService#_doActivateExtension vscode.css-language-features, startup: false, activationEvent: 'onLanguage:css'
2023-05-14 08:47:54.833 [info] ExtensionService#_doActivateExtension vscode.git-base, startup: true, activationEvent: '*', root cause: vscode.git
2023-05-14 08:47:54.841 [info] ExtensionService#_doActivateExtension vscode.git, startup: true, activationEvent: '*'
2023-05-14 08:47:54.872 [info] ExtensionService#_doActivateExtension vscode.github, startup: true, activationEvent: '*'
2023-05-14 08:47:54.917 [info] Eager extensions activated
2023-05-14 08:47:54.996 [info] ExtensionService#_doActivateExtension vscode.debug-auto-launch, startup: false, activationEvent: 'onStartupFinished'
2023-05-14 08:47:55.000 [info] ExtensionService#_doActivateExtension vscode.merge-conflict, startup: false, activationEvent: 'onStartupFinished'
2023-05-14 08:47:55.256 [info] ExtensionService#_doActivateExtension vscode.github-authentication, startup: false, activationEvent: 'onAuthenticationRequest:github'
2023-05-14 08:47:55.312 [info] ExtensionService#_doActivateExtension vscode.microsoft-authentication, startup: false, activationEvent: 'onAuthenticationRequest:microsoft'
2023-05-14 08:48:30.262 [info] Extension host terminating: renderer closed the MessagePort
2023-05-14 08:48:30.291 [info] Extension host with pid 20532 exiting with code 0
2023-05-14 08:48:31.803 [info] Extension host with pid 20919 started
2023-05-14 08:48:31.803 [info] Skipping acquiring lock for /home/akashg/.config/Code/User/workspaceStorage/5875143cecdb6456bcfc2b130e609be2.
2023-05-14 08:48:31.859 [info] ExtensionService#_doActivateExtension vscode.git-base, startup: true, activationEvent: '*'
2023-05-14 08:48:31.870 [info] ExtensionService#_doActivateExtension vscode.github, startup: true, activationEvent: '*'
2023-05-14 08:48:31.879 [info] Eager extensions activated
2023-05-14 08:48:31.885 [info] ExtensionService#_doActivateExtension vscode.debug-auto-launch, startup: false, activationEvent: 'onStartupFinished'
2023-05-14 08:48:31.888 [info] ExtensionService#_doActivateExtension vscode.merge-conflict, startup: false, activationEvent: 'onStartupFinished'
2023-05-14 08:48:32.155 [info] ExtensionService#_doActivateExtension vscode.github-authentication, startup: false, activationEvent: 'onAuthenticationRequest:github'
2023-05-14 08:48:32.475 [info] ExtensionService#_doActivateExtension vscode.microsoft-authentication, startup: false, activationEvent: 'onAuthenticationRequest:microsoft'
2023-05-14 08:48:34.343 [info] ExtensionService#_doActivateExtension vscode.git, startup: false, activationEvent: 'api', root cause: vscode.github
2023-05-14 08:48:36.361 [info] ExtensionService#_doActivateExtension vscode.css-language-features, startup: false, activationEvent: 'onLanguage:css'
2023-05-14 08:48:36.378 [info] ExtensionService#_doActivateExtension vscode.emmet, startup: false, activationEvent: 'onLanguage'
2023-05-14 08:49:51.305 [info] Extension host terminating: renderer closed the MessagePort
2023-05-14 08:49:51.331 [info] Extension host with pid 20919 exiting with code 0
2023-05-14 08:49:52.917 [info] Extension host with pid 22128 started
2023-05-14 08:49:52.917 [info] Skipping acquiring lock for /home/akashg/.config/Code/User/workspaceStorage/ad588c93cd70a40179a5c380540d7bdf.
2023-05-14 08:49:52.988 [info] ExtensionService#_doActivateExtension vscode.git-base, startup: true, activationEvent: '*'
2023-05-14 08:49:53.004 [info] ExtensionService#_doActivateExtension vscode.github, startup: true, activationEvent: '*'
2023-05-14 08:49:53.011 [info] Eager extensions activated
2023-05-14 08:49:53.012 [info] ExtensionService#_doActivateExtension vscode.debug-auto-launch, startup: false, activationEvent: 'onStartupFinished'
2023-05-14 08:49:53.015 [info] ExtensionService#_doActivateExtension vscode.merge-conflict, startup: false, activationEvent: 'onStartupFinished'
2023-05-14 08:49:53.288 [info] ExtensionService#_doActivateExtension vscode.github-authentication, startup: false, activationEvent: 'onAuthenticationRequest:github'
2023-05-14 08:49:53.463 [info] ExtensionService#_doActivateExtension vscode.microsoft-authentication, startup: false, activationEvent: 'onAuthenticationRequest:microsoft'
2023-05-14 08:49:54.865 [info] ExtensionService#_doActivateExtension vscode.git, startup: false, activationEvent: 'api', root cause: vscode.github
2023-05-14 08:50:01.559 [info] ExtensionService#_doActivateExtension vscode.css-language-features, startup: false, activationEvent: 'onLanguage:css'
2023-05-14 08:50:01.576 [info] ExtensionService#_doActivateExtension vscode.emmet, startup: false, activationEvent: 'onLanguage'
2023-05-14 08:54:46.714 [info] Extension host terminating: renderer closed the MessagePort
2023-05-14 08:54:46.731 [info] Extension host with pid 22128 exiting with code 0
