2024-12-16 14:08:51.915 [info] [main] Log level: Info
2024-12-16 14:08:51.915 [info] [main] Validating found git in: "git"
2024-12-16 14:08:51.915 [info] [main] Using git "2.47.1" from "git"
2024-12-16 14:08:51.915 [info] [Model][doInitialScan] Initial repository scan started
2024-12-16 14:08:51.915 [info] > git rev-parse --show-toplevel [2ms]
2024-12-16 14:08:51.915 [info] > git rev-parse --git-dir --git-common-dir [1ms]
2024-12-16 14:08:51.915 [info] [Model][openRepository] Opened repository: /home/akashg/Downloads/Hyprland-Dotfiles
2024-12-16 14:08:51.916 [info] > git config --get commit.template [6ms]
2024-12-16 14:08:51.938 [info] > git rev-parse --show-toplevel [23ms]
2024-12-16 14:08:51.952 [info] > git for-each-ref --format=%(refname)%00%(upstream:short)%00%(objectname)%00%(upstream:track)%00%(upstream:remotename)%00%(upstream:remoteref) refs/heads/master refs/remotes/master [4ms]
2024-12-16 14:08:51.952 [info] > git rev-parse --show-toplevel [1ms]
2024-12-16 14:08:51.963 [info] > git rev-parse --show-toplevel [8ms]
2024-12-16 14:08:51.972 [info] > git for-each-ref --sort -committerdate --format %(refname) %(objectname) %(*objectname) [9ms]
2024-12-16 14:08:51.974 [info] > git rev-parse --show-toplevel [2ms]
2024-12-16 14:08:51.977 [info] [Model][doInitialScan] Initial repository scan completed - repositories (1), closed repositories (0), parent repositories (0), unsafe repositories (0)
2024-12-16 14:08:52.002 [info] > git status -z -uall [44ms]
2024-12-16 14:08:52.015 [info] > git for-each-ref --format=%(refname)%00%(upstream:short)%00%(objectname)%00%(upstream:track)%00%(upstream:remotename)%00%(upstream:remoteref) refs/heads/master refs/remotes/master [6ms]
2024-12-16 14:08:52.020 [info] > git config --local branch.master.vscode-merge-base [2ms]
2024-12-16 14:08:52.020 [warning] [Git][config] git config failed: Failed to execute git
2024-12-16 14:08:52.025 [info] > git config --get commit.template [11ms]
2024-12-16 14:08:52.029 [info] > git reflog master --grep-reflog=branch: Created from *. [4ms]
2024-12-16 14:08:52.036 [info] > git symbolic-ref --short refs/remotes/origin/HEAD [4ms]
2024-12-16 14:08:52.040 [info] > git for-each-ref --format=%(refname)%00%(upstream:short)%00%(objectname)%00%(upstream:track)%00%(upstream:remotename)%00%(upstream:remoteref) refs/heads/master refs/remotes/master [10ms]
2024-12-16 14:08:52.043 [info] > git for-each-ref --format=%(refname)%00%(upstream:short)%00%(objectname)%00%(upstream:track)%00%(upstream:remotename)%00%(upstream:remoteref) refs/heads/origin/master refs/remotes/origin/master [4ms]
2024-12-16 14:08:52.055 [info] > git config --local branch.master.vscode-merge-base origin/master [8ms]
2024-12-16 14:08:52.055 [info] > git for-each-ref --sort -committerdate --format %(refname) %(objectname) %(*objectname) [1ms] (cancelled)
2024-12-16 14:08:52.063 [info] > git status -z -uall [12ms] (cancelled)
2024-12-16 14:08:52.063 [info] > git for-each-ref --format=%(refname)%00%(upstream:short)%00%(objectname)%00%(upstream:track)%00%(upstream:remotename)%00%(upstream:remoteref) refs/heads/master refs/remotes/master [4ms]
2024-12-16 14:08:52.067 [info] > git config --get commit.template [4ms]
2024-12-16 14:08:52.068 [info] > git config --local branch.master.vscode-merge-base [1ms]
2024-12-16 14:08:52.074 [info] > git for-each-ref --format=%(refname)%00%(upstream:short)%00%(objectname)%00%(upstream:track)%00%(upstream:remotename)%00%(upstream:remoteref) refs/heads/origin/master refs/remotes/origin/master [3ms]
2024-12-16 14:08:52.085 [info] > git merge-base refs/heads/master refs/remotes/origin/master [7ms]
2024-12-16 14:08:52.089 [info] > git for-each-ref --format=%(refname)%00%(upstream:short)%00%(objectname)%00%(upstream:track)%00%(upstream:remotename)%00%(upstream:remoteref) refs/heads/master refs/remotes/master [15ms]
2024-12-16 14:08:52.096 [info] > git diff --name-status -z --diff-filter=ADMR 2e2daa9437c819f9838e88cd9bb1f2266d4acb10...refs/remotes/origin/master [7ms]
2024-12-16 14:08:52.097 [info] > git for-each-ref --sort -committerdate --format %(refname) %(objectname) %(*objectname) [1ms]
2024-12-16 14:08:52.132 [info] > git status -z -uall [39ms]
2024-12-16 14:08:52.457 [info] > git check-ignore -v -z --stdin [15ms]
2024-12-16 14:08:53.679 [info] > git log --format=%H%n%aN%n%aE%n%at%n%ct%n%P%n%D%n%B -z --shortstat --diff-merges=first-parent -n50 --skip=0 --topo-order --decorate=full --stdin [226ms]
2024-12-16 14:08:54.072 [info] > git check-ignore -v -z --stdin [13ms]
2024-12-16 14:08:58.310 [info] > git check-ignore -v -z --stdin [11ms]
2024-12-16 14:09:02.360 [info] > git ls-tree -l HEAD -- /home/akashg/Downloads/Hyprland-Dotfiles/pokemon.jpg [4ms]
2024-12-16 14:09:02.362 [info] > git ls-tree -l HEAD -- /home/akashg/Downloads/Hyprland-Dotfiles/pokemon.jpg [2ms]
2024-12-16 14:09:03.958 [info] > git show --textconv HEAD:Configs/.config/dconf/user [8ms]
2024-12-16 14:09:03.959 [info] > git ls-tree -l HEAD -- /home/akashg/Downloads/Hyprland-Dotfiles/Configs/.config/dconf/user [3ms]
2024-12-16 14:09:03.968 [info] > git ls-tree -l HEAD -- /home/akashg/Downloads/Hyprland-Dotfiles/Configs/.config/dconf/user [1ms]
2024-12-16 14:09:03.983 [info] > git ls-tree -l HEAD -- /home/akashg/Downloads/Hyprland-Dotfiles/Configs/.config/dconf/user [2ms]
2024-12-16 14:09:04.467 [info] > git check-ignore -v -z --stdin [6ms]
2024-12-16 14:09:06.226 [info] > git show --textconv HEAD:Configs/.config/gtk-3.0/settings.ini [6ms]
2024-12-16 14:09:06.226 [info] > git ls-tree -l HEAD -- /home/akashg/Downloads/Hyprland-Dotfiles/Configs/.config/gtk-3.0/settings.ini [2ms]
2024-12-16 14:09:06.292 [info] > git blame --root --incremental 2e2daa9437c819f9838e88cd9bb1f2266d4acb10 -- /home/akashg/Downloads/Hyprland-Dotfiles/Configs/.config/gtk-3.0/settings.ini [3ms]
2024-12-16 14:09:06.749 [info] > git check-ignore -v -z --stdin [14ms]
2024-12-16 14:09:09.104 [info] > git show --textconv HEAD:Configs/.config/hypr/dark.conf [8ms]
2024-12-16 14:09:09.108 [info] > git ls-tree -l HEAD -- /home/akashg/Downloads/Hyprland-Dotfiles/Configs/.config/hypr/dark.conf [5ms]
2024-12-16 14:09:09.621 [info] > git check-ignore -v -z --stdin [10ms]
2024-12-16 14:09:18.662 [info] > git blame --root --incremental 2e2daa9437c819f9838e88cd9bb1f2266d4acb10 -- /home/akashg/Downloads/Hyprland-Dotfiles/Configs/.config/hypr/dark.conf [8ms]
2024-12-16 14:09:26.435 [info] > git show --textconv HEAD:Configs/.config/hypr/env.conf [9ms]
2024-12-16 14:09:26.437 [info] > git ls-tree -l HEAD -- /home/akashg/Downloads/Hyprland-Dotfiles/Configs/.config/hypr/env.conf [3ms]
2024-12-16 14:09:26.491 [info] > git blame --root --incremental 2e2daa9437c819f9838e88cd9bb1f2266d4acb10 -- /home/akashg/Downloads/Hyprland-Dotfiles/Configs/.config/hypr/env.conf [9ms]
2024-12-16 14:09:28.627 [info] > git show --textconv HEAD:Configs/.config/hypr/hyprland.conf [8ms]
2024-12-16 14:09:28.629 [info] > git ls-tree -l HEAD -- /home/akashg/Downloads/Hyprland-Dotfiles/Configs/.config/hypr/hyprland.conf [3ms]
2024-12-16 14:09:28.805 [info] > git blame --root --incremental 2e2daa9437c819f9838e88cd9bb1f2266d4acb10 -- /home/akashg/Downloads/Hyprland-Dotfiles/Configs/.config/hypr/hyprland.conf [15ms]
2024-12-16 14:09:48.828 [info] > git show --textconv HEAD:Configs/.config/hypr/light.conf [6ms]
2024-12-16 14:09:48.829 [info] > git ls-tree -l HEAD -- /home/akashg/Downloads/Hyprland-Dotfiles/Configs/.config/hypr/light.conf [1ms]
2024-12-16 14:09:48.859 [info] > git blame --root --incremental 2e2daa9437c819f9838e88cd9bb1f2266d4acb10 -- /home/akashg/Downloads/Hyprland-Dotfiles/Configs/.config/hypr/light.conf [3ms]
2024-12-16 14:09:50.689 [info] > git show --textconv HEAD:Configs/.config/hypr/sleep-monitor.sh [5ms]
2024-12-16 14:09:50.690 [info] > git ls-tree -l HEAD -- /home/akashg/Downloads/Hyprland-Dotfiles/Configs/.config/hypr/sleep-monitor.sh [2ms]
2024-12-16 14:09:50.742 [info] > git blame --root --incremental 2e2daa9437c819f9838e88cd9bb1f2266d4acb10 -- /home/akashg/Downloads/Hyprland-Dotfiles/Configs/.config/hypr/sleep-monitor.sh [4ms]
2024-12-16 14:09:53.828 [info] > git show --textconv HEAD:Configs/.config/swww/wall.light [10ms]
2024-12-16 14:09:53.829 [info] > git ls-tree -l HEAD -- /home/akashg/Downloads/Hyprland-Dotfiles/Configs/.config/swww/wall.light [3ms]
2024-12-16 14:09:53.884 [info] > git ls-tree -l HEAD -- /home/akashg/Downloads/Hyprland-Dotfiles/Configs/.config/swww/wall.light [3ms]
2024-12-16 14:09:54.346 [info] > git check-ignore -v -z --stdin [10ms]
2024-12-16 14:09:55.492 [info] > git show --textconv HEAD:Configs/.config/vlc/vlc-qt-interface.conf [10ms]
2024-12-16 14:09:55.495 [info] > git ls-tree -l HEAD -- /home/akashg/Downloads/Hyprland-Dotfiles/Configs/.config/vlc/vlc-qt-interface.conf [3ms]
2024-12-16 14:09:55.555 [info] > git blame --root --incremental 2e2daa9437c819f9838e88cd9bb1f2266d4acb10 -- /home/akashg/Downloads/Hyprland-Dotfiles/Configs/.config/vlc/vlc-qt-interface.conf [17ms]
2024-12-16 14:09:56.014 [info] > git check-ignore -v -z --stdin [13ms]
2024-12-16 14:09:58.645 [info] > git show --textconv HEAD:Configs/.config/waybar/config.jsonc [9ms]
2024-12-16 14:09:58.645 [info] > git ls-tree -l HEAD -- /home/akashg/Downloads/Hyprland-Dotfiles/Configs/.config/waybar/config.jsonc [2ms]
2024-12-16 14:09:58.951 [info] > git blame --root --incremental 2e2daa9437c819f9838e88cd9bb1f2266d4acb10 -- /home/akashg/Downloads/Hyprland-Dotfiles/Configs/.config/waybar/config.jsonc [45ms]
2024-12-16 14:09:59.167 [info] > git check-ignore -v -z --stdin [13ms]
2024-12-16 14:09:59.611 [info] > git show --textconv HEAD:Configs/.scripts/change_theme_dark.sh [9ms]
2024-12-16 14:09:59.614 [info] > git ls-tree -l HEAD -- /home/akashg/Downloads/Hyprland-Dotfiles/Configs/.scripts/change_theme_dark.sh [3ms]
2024-12-16 14:09:59.666 [info] > git blame --root --incremental 2e2daa9437c819f9838e88cd9bb1f2266d4acb10 -- /home/akashg/Downloads/Hyprland-Dotfiles/Configs/.scripts/change_theme_dark.sh [6ms]
2024-12-16 14:10:00.129 [info] > git check-ignore -v -z --stdin [10ms]
2024-12-16 14:10:02.285 [info] > git show --textconv HEAD:Configs/.scripts/change_theme_light.sh [11ms]
2024-12-16 14:10:02.288 [info] > git ls-tree -l HEAD -- /home/akashg/Downloads/Hyprland-Dotfiles/Configs/.scripts/change_theme_light.sh [4ms]
2024-12-16 14:10:02.347 [info] > git blame --root --incremental 2e2daa9437c819f9838e88cd9bb1f2266d4acb10 -- /home/akashg/Downloads/Hyprland-Dotfiles/Configs/.scripts/change_theme_light.sh [9ms]
2024-12-16 14:10:05.000 [info] > git show --textconv :Scripts/install_pkg.lst [10ms]
2024-12-16 14:10:05.007 [info] > git ls-files --stage -- /home/akashg/Downloads/Hyprland-Dotfiles/Scripts/install_pkg.lst [8ms]
2024-12-16 14:10:05.017 [info] > git cat-file -s 4fbd66baf5d0b0960950445eeef73be857cf48e8 [2ms]
2024-12-16 14:10:21.443 [info] > git add -A -- /home/akashg/Downloads/Hyprland-Dotfiles/Configs/.config/dconf/user /home/akashg/Downloads/Hyprland-Dotfiles/Configs/.config/gtk-3.0/settings.ini /home/akashg/Downloads/Hyprland-Dotfiles/Configs/.config/hypr/dark.conf /home/akashg/Downloads/Hyprland-Dotfiles/Configs/.config/hypr/env.conf /home/akashg/Downloads/Hyprland-Dotfiles/Configs/.config/hypr/hyprland.conf /home/akashg/Downloads/Hyprland-Dotfiles/Configs/.config/hypr/light.conf /home/akashg/Downloads/Hyprland-Dotfiles/Configs/.config/hypr/sleep-monitor.sh /home/akashg/Downloads/Hyprland-Dotfiles/Configs/.config/swww/wall.light /home/akashg/Downloads/Hyprland-Dotfiles/Configs/.config/vlc/vlc-qt-interface.conf /home/akashg/Downloads/Hyprland-Dotfiles/Configs/.config/waybar/config.jsonc /home/akashg/Downloads/Hyprland-Dotfiles/Configs/.config/xfce4/xfconf/xfce-perchannel-xml/thunar.xml /home/akashg/Downloads/Hyprland-Dotfiles/Configs/.scripts/change_theme_dark.sh /home/akashg/Downloads/Hyprland-Dotfiles/Configs/.scripts/change_theme_light.sh /home/akashg/Downloads/Hyprland-Dotfiles/Scripts/install_pkg.lst /home/akashg/Downloads/Hyprland-Dotfiles/pokemon.jpg [129ms]
2024-12-16 14:10:21.460 [info] > git config --get commit.template [8ms]
2024-12-16 14:10:21.461 [info] > git for-each-ref --format=%(refname)%00%(upstream:short)%00%(objectname)%00%(upstream:track)%00%(upstream:remotename)%00%(upstream:remoteref) refs/heads/master refs/remotes/master [1ms]
2024-12-16 14:10:21.480 [info] > git for-each-ref --sort -committerdate --format %(refname) %(objectname) %(*objectname) [4ms]
2024-12-16 14:10:21.549 [info] > git status -z -uall [81ms]
2024-12-16 14:10:21.878 [info] > git show --textconv HEAD:Scripts/install_pkg.lst [8ms]
2024-12-16 14:10:21.879 [info] > git ls-tree -l HEAD -- /home/akashg/Downloads/Hyprland-Dotfiles/Scripts/install_pkg.lst [1ms]
2024-12-16 14:10:22.618 [info] > git config --get commit.template [9ms]
2024-12-16 14:10:22.619 [info] > git for-each-ref --format=%(refname)%00%(upstream:short)%00%(objectname)%00%(upstream:track)%00%(upstream:remotename)%00%(upstream:remoteref) refs/heads/master refs/remotes/master [3ms]
2024-12-16 14:10:22.636 [info] > git for-each-ref --sort -committerdate --format %(refname) %(objectname) %(*objectname) [3ms]
2024-12-16 14:10:22.728 [info] > git status -z -uall [102ms]
2024-12-16 14:10:22.729 [info] > git ls-files --stage -- /home/akashg/Downloads/Hyprland-Dotfiles/Scripts/install_pkg.lst [9ms]
2024-12-16 14:10:22.736 [info] > git ls-files --stage -- /home/akashg/Downloads/Hyprland-Dotfiles/Configs/.scripts/change_theme_light.sh [24ms]
2024-12-16 14:10:22.745 [info] > git cat-file -s ae3c0bd9162860a620d65db30b25c0e222497fd9 [3ms]
2024-12-16 14:10:22.746 [info] > git cat-file -s 1b40877b720456399956577e854ed1cc38832632 [11ms]
2024-12-16 14:10:22.746 [info] > git ls-tree -l HEAD -- /home/akashg/Downloads/Hyprland-Dotfiles/Scripts/install_pkg.lst [18ms]
2024-12-16 14:10:22.773 [info] > git show --textconv :Configs/.scripts/change_theme_light.sh [17ms]
2024-12-16 14:10:22.774 [info] > git show --textconv :Scripts/install_pkg.lst [10ms]
2024-12-16 14:10:22.776 [info] > git show --textconv HEAD:Scripts/install_pkg.lst [4ms]
2024-12-16 14:10:32.256 [info] > git -c user.useConfigOnly=true commit --quiet --allow-empty-message --file - [131ms]
2024-12-16 14:10:32.265 [info] > git config --get commit.template [2ms]
2024-12-16 14:10:32.283 [info] > git config --get commit.template [9ms]
2024-12-16 14:10:32.285 [info] > git for-each-ref --format=%(refname)%00%(upstream:short)%00%(objectname)%00%(upstream:track)%00%(upstream:remotename)%00%(upstream:remoteref) refs/heads/master refs/remotes/master [2ms]
2024-12-16 14:10:32.308 [info] > git for-each-ref --sort -committerdate --format %(refname) %(objectname) %(*objectname) [6ms]
2024-12-16 14:10:32.376 [info] > git status -z -uall [83ms]
2024-12-16 14:10:32.394 [info] > git merge-base refs/heads/master refs/remotes/origin/master [4ms]
2024-12-16 14:10:32.404 [info] > git diff --name-status -z --diff-filter=ADMR 2e2daa9437c819f9838e88cd9bb1f2266d4acb10...refs/remotes/origin/master [2ms]
2024-12-16 14:10:32.439 [info] > git config --get commit.template [8ms]
2024-12-16 14:10:32.441 [info] > git for-each-ref --format=%(refname)%00%(upstream:short)%00%(objectname)%00%(upstream:track)%00%(upstream:remotename)%00%(upstream:remoteref) refs/heads/master refs/remotes/master [3ms]
2024-12-16 14:10:32.461 [info] > git for-each-ref --sort -committerdate --format %(refname) %(objectname) %(*objectname) [3ms]
2024-12-16 14:10:32.549 [info] > git status -z -uall [99ms]
2024-12-16 14:10:32.774 [info] > git log --format=%H%n%aN%n%aE%n%at%n%ct%n%P%n%D%n%B -z --shortstat --diff-merges=first-parent -n50 --skip=0 --topo-order --decorate=full --stdin [358ms]
2024-12-16 14:10:33.713 [info] > git ls-tree -l HEAD -- /home/akashg/Downloads/Hyprland-Dotfiles/Configs/.scripts/change_theme_light.sh [8ms]
2024-12-16 14:10:33.724 [info] > git ls-files --stage -- /home/akashg/Downloads/Hyprland-Dotfiles/Scripts/install_pkg.lst [12ms]
2024-12-16 14:10:33.733 [info] > git show --textconv HEAD:Configs/.scripts/change_theme_light.sh [10ms]
2024-12-16 14:10:33.735 [info] > git cat-file -s 1b40877b720456399956577e854ed1cc38832632 [4ms]
2024-12-16 14:10:33.752 [info] > git show --textconv :Scripts/install_pkg.lst [9ms]
2024-12-16 14:10:34.780 [info] > git log --oneline --cherry master...master@{upstream} -- [3ms]
2024-12-16 14:10:35.173 [info] > git pull --tags origin master [383ms]
2024-12-16 14:10:35.173 [info] From https://github.com/akash-g0807/Hyprland-Dotfiles
 * branch              master     -> FETCH_HEAD
2024-12-16 14:10:36.420 [info] > git ls-tree -l HEAD -- /home/akashg/Downloads/Hyprland-Dotfiles/Configs/.scripts/change_theme_light.sh [8ms]
2024-12-16 14:10:36.430 [info] > git ls-files --stage -- /home/akashg/Downloads/Hyprland-Dotfiles/Scripts/install_pkg.lst [11ms]
2024-12-16 14:10:36.437 [info] > git show --textconv HEAD:Configs/.scripts/change_theme_light.sh [8ms]
2024-12-16 14:10:36.438 [info] > git cat-file -s 1b40877b720456399956577e854ed1cc38832632 [2ms]
2024-12-16 14:10:36.455 [info] > git show --textconv :Scripts/install_pkg.lst [7ms]
2024-12-16 14:10:36.537 [info] > git push origin master:master [1357ms]
2024-12-16 14:10:36.537 [info] To https://github.com/akash-g0807/Hyprland-Dotfiles.git
   2e2daa94..6374aed3  master -> master
2024-12-16 14:10:36.553 [info] > git config --get commit.template [8ms]
2024-12-16 14:10:36.554 [info] > git for-each-ref --format=%(refname)%00%(upstream:short)%00%(objectname)%00%(upstream:track)%00%(upstream:remotename)%00%(upstream:remoteref) refs/heads/master refs/remotes/master [2ms]
2024-12-16 14:10:36.571 [info] > git for-each-ref --sort -committerdate --format %(refname) %(objectname) %(*objectname) [2ms]
2024-12-16 14:10:36.651 [info] > git status -z -uall [89ms]
2024-12-16 14:10:36.674 [info] > git merge-base refs/heads/master refs/remotes/origin/master [11ms]
2024-12-16 14:10:36.693 [info] > git diff --name-status -z --diff-filter=ADMR 6374aed3f0565c5449dcd28d779d1554efc4763f...refs/remotes/origin/master [9ms]
2024-12-16 14:10:36.694 [info] > git config --get commit.template [22ms]
2024-12-16 14:10:36.704 [info] > git for-each-ref --format=%(refname)%00%(upstream:short)%00%(objectname)%00%(upstream:track)%00%(upstream:remotename)%00%(upstream:remoteref) refs/heads/master refs/remotes/master [2ms]
2024-12-16 14:10:36.724 [info] > git for-each-ref --sort -committerdate --format %(refname) %(objectname) %(*objectname) [3ms]
2024-12-16 14:10:36.795 [info] > git status -z -uall [83ms]
2024-12-16 14:10:37.053 [info] > git log --format=%H%n%aN%n%aE%n%at%n%ct%n%P%n%D%n%B -z --shortstat --diff-merges=first-parent -n50 --skip=0 --topo-order --decorate=full --stdin [361ms]
2024-12-16 14:10:37.730 [info] > git ls-tree -l HEAD -- /home/akashg/Downloads/Hyprland-Dotfiles/Configs/.scripts/change_theme_light.sh [7ms]
2024-12-16 14:10:37.741 [info] > git ls-files --stage -- /home/akashg/Downloads/Hyprland-Dotfiles/Scripts/install_pkg.lst [11ms]
2024-12-16 14:10:37.748 [info] > git show --textconv HEAD:Configs/.scripts/change_theme_light.sh [8ms]
2024-12-16 14:10:37.750 [info] > git cat-file -s 1b40877b720456399956577e854ed1cc38832632 [2ms]
2024-12-16 14:10:37.767 [info] > git show --textconv :Scripts/install_pkg.lst [9ms]
