2024-12-22 00:16:22.325 [info] Reading sessions from keychain...
2024-12-22 00:16:22.325 [info] Getting sessions for all scopes...
2024-12-22 00:16:22.325 [info] Getting sessions for all scopes...
2024-12-22 00:16:22.325 [info] Getting sessions for user:email...
2024-12-22 00:16:22.325 [info] Getting sessions for all scopes...
2024-12-22 00:16:22.325 [info] Getting sessions for all scopes...
2024-12-22 00:16:22.325 [info] Getting sessions for all scopes...
2024-12-22 00:16:22.325 [info] Getting sessions for all scopes...
2024-12-22 00:16:22.325 [info] Getting sessions for all scopes...
2024-12-22 00:16:22.325 [info] Got stored sessions!
2024-12-22 00:16:22.325 [info] Got 1 verified sessions.
2024-12-22 00:16:22.325 [info] Got 1 sessions for ...
2024-12-22 00:16:22.325 [info] Got 1 sessions for ...
2024-12-22 00:16:22.325 [info] Got 1 sessions for user:email...
2024-12-22 00:16:22.325 [info] Got 1 sessions for ...
2024-12-22 00:16:22.325 [info] Got 1 sessions for ...
2024-12-22 00:16:22.325 [info] Got 1 sessions for ...
2024-12-22 00:16:22.325 [info] Got 1 sessions for ...
2024-12-22 00:16:22.325 [info] Got 1 sessions for ...
2024-12-22 00:16:24.635 [info] Getting sessions for all scopes...
2024-12-22 00:16:24.635 [info] Got 1 sessions for ...
2024-12-22 00:16:25.090 [info] Getting sessions for read:user,repo,user:email,workflow...
2024-12-22 00:16:25.090 [info] Got 0 sessions for read:user,repo,user:email,workflow...
2024-12-22 00:16:25.090 [info] Getting sessions for all scopes...
2024-12-22 00:16:25.090 [info] Got 1 sessions for ...
2024-12-22 00:16:25.090 [info] Getting sessions for all scopes...
2024-12-22 00:16:25.090 [info] Got 1 sessions for ...
2024-12-22 00:16:25.133 [info] Getting sessions for read:user...
2024-12-22 00:16:25.133 [info] Got 0 sessions for read:user...
2024-12-22 00:16:25.133 [info] Getting sessions for read:user,repo,user:email,workflow...
2024-12-22 00:16:25.133 [info] Got 0 sessions for read:user,repo,user:email,workflow...
2024-12-22 00:16:25.180 [info] Getting sessions for user:email...
2024-12-22 00:16:25.180 [info] Got 1 sessions for user:email...
2024-12-22 00:16:25.181 [info] Getting sessions for user:email...
2024-12-22 00:16:25.181 [info] Got 1 sessions for user:email...
2024-12-22 00:16:25.242 [info] Getting sessions for all scopes...
2024-12-22 00:16:25.242 [info] Got 1 sessions for ...
2024-12-22 00:16:25.312 [info] Getting sessions for read:user,repo,user:email,workflow...
2024-12-22 00:16:25.312 [info] Got 0 sessions for read:user,repo,user:email,workflow...
2024-12-22 00:16:26.156 [info] Getting sessions for read:user,repo,user:email,workflow...
2024-12-22 00:16:26.156 [info] Got 0 sessions for read:user,repo,user:email,workflow...
2024-12-22 00:16:26.189 [info] Getting sessions for user:email...
2024-12-22 00:16:26.189 [info] Got 1 sessions for user:email...
2024-12-22 00:16:26.279 [info] Getting sessions for all scopes...
2024-12-22 00:16:26.279 [info] Got 1 sessions for ...
2024-12-22 00:16:26.281 [info] Getting sessions for read:user,repo,user:email,workflow...
2024-12-22 00:16:26.281 [info] Got 0 sessions for read:user,repo,user:email,workflow...
2024-12-22 00:16:26.306 [info] Getting sessions for user:email...
2024-12-22 00:16:26.307 [info] Got 1 sessions for user:email...
2024-12-22 00:16:26.309 [info] Getting sessions for all scopes...
2024-12-22 00:16:26.309 [info] Got 1 sessions for ...
2024-12-22 00:16:26.310 [info] Getting sessions for read:user,repo,user:email,workflow...
2024-12-22 00:16:26.311 [info] Got 0 sessions for read:user,repo,user:email,workflow...
2024-12-22 00:16:26.312 [info] Getting sessions for all scopes...
2024-12-22 00:16:26.312 [info] Got 1 sessions for ...
2024-12-22 00:16:26.312 [info] Getting sessions for read:user,repo,user:email,workflow...
2024-12-22 00:16:26.312 [info] Got 0 sessions for read:user,repo,user:email,workflow...
2024-12-22 00:16:26.313 [info] Getting sessions for user:email...
2024-12-22 00:16:26.313 [info] Got 1 sessions for user:email...
2024-12-22 00:16:26.837 [info] Getting sessions for all scopes...
2024-12-22 00:16:26.837 [info] Got 1 sessions for ...
2024-12-22 00:16:26.837 [info] Getting sessions for all scopes...
2024-12-22 00:16:26.837 [info] Got 1 sessions for ...
2024-12-22 00:16:26.846 [info] Getting sessions for read:user,repo,user:email,workflow...
2024-12-22 00:16:26.846 [info] Got 0 sessions for read:user,repo,user:email,workflow...
2024-12-22 00:16:26.847 [info] Getting sessions for user:email...
2024-12-22 00:16:26.847 [info] Got 1 sessions for user:email...
2024-12-22 00:16:26.849 [info] Getting sessions for all scopes...
2024-12-22 00:16:26.849 [info] Got 1 sessions for ...
2024-12-22 00:16:26.850 [info] Getting sessions for read:user,repo,user:email,workflow...
2024-12-22 00:16:26.850 [info] Got 0 sessions for read:user,repo,user:email,workflow...
2024-12-22 00:16:26.851 [info] Getting sessions for user:email...
2024-12-22 00:16:26.851 [info] Got 1 sessions for user:email...
2024-12-22 00:16:26.893 [info] Getting sessions for all scopes...
2024-12-22 00:16:26.893 [info] Got 1 sessions for ...
2024-12-22 00:16:26.894 [info] Getting sessions for read:user,repo,user:email,workflow...
2024-12-22 00:16:26.894 [info] Got 0 sessions for read:user,repo,user:email,workflow...
2024-12-22 00:16:26.896 [info] Getting sessions for user:email...
2024-12-22 00:16:26.896 [info] Got 1 sessions for user:email...
2024-12-22 00:16:26.941 [info] Getting sessions for read:user,repo,user:email,workflow...
2024-12-22 00:16:26.941 [info] Got 0 sessions for read:user,repo,user:email,workflow...
2024-12-22 00:16:26.942 [info] Getting sessions for read:user...
2024-12-22 00:16:26.942 [info] Got 0 sessions for read:user...
2024-12-22 00:16:26.944 [info] Getting sessions for user:email...
2024-12-22 00:16:26.944 [info] Got 1 sessions for user:email...
2024-12-22 00:16:27.600 [info] Getting sessions for all scopes...
2024-12-22 00:16:27.600 [info] Got 1 sessions for ...
2024-12-22 00:16:27.602 [info] Getting sessions for read:user,repo,user:email,workflow...
2024-12-22 00:16:27.602 [info] Got 0 sessions for read:user,repo,user:email,workflow...
2024-12-22 00:16:27.613 [info] Getting sessions for user:email...
2024-12-22 00:16:27.613 [info] Got 1 sessions for user:email...
