2023-05-14 04:22:37.709 [info] Reading sessions from keychain...
2023-05-14 04:22:37.709 [info] Getting sessions for all scopes...
2023-05-14 04:22:37.709 [info] Getting sessions for user:email...
2023-05-14 04:22:37.709 [info] Got stored sessions!
2023-05-14 04:22:37.709 [info] Got 1 verified sessions.
2023-05-14 04:22:37.709 [info] Got 1 sessions for ...
2023-05-14 04:22:37.709 [info] Got 0 sessions for user:email...
2023-05-14 04:22:37.709 [info] Getting sessions for all scopes...
2023-05-14 04:22:37.709 [info] Got 1 sessions for ...
2023-05-14 04:22:37.719 [info] Getting sessions for all scopes...
2023-05-14 04:22:37.719 [info] Got 1 sessions for ...
2023-05-14 04:22:39.130 [info] Getting user info...
2023-05-14 04:22:39.465 [info] Got account info!
2023-05-14 04:23:19.898 [info] Reading sessions from keychain...
2023-05-14 04:23:19.898 [info] Getting sessions for all scopes...
2023-05-14 04:23:19.898 [info] Getting sessions for user:email...
2023-05-14 04:23:19.898 [info] Got stored sessions!
2023-05-14 04:23:19.898 [info] Got 1 verified sessions.
2023-05-14 04:23:19.898 [info] Got 1 sessions for ...
2023-05-14 04:23:19.898 [info] Got 0 sessions for user:email...
2023-05-14 04:23:20.020 [info] Getting sessions for all scopes...
2023-05-14 04:23:20.020 [info] Got 1 sessions for ...
2023-05-14 04:23:20.029 [info] Getting sessions for all scopes...
2023-05-14 04:23:20.029 [info] Got 1 sessions for ...
2023-05-14 04:23:21.174 [info] Getting user info...
2023-05-14 04:23:21.447 [info] Got account info!
