[proc] Executing command: /usr/bin/cmake --version
[proc] Executing command: /usr/bin/cmake -E capabilities
[variant] Loaded new set of variants
[kit] Detected kits definition version change from undefined to 2. Silently scanning for kits.
[proc] Executing command: /usr/bin/clang -v
[proc] Executing command: /usr/bin/clang-18 -v
[proc] Executing command: /usr/bin/clang-cl -v
[proc] Executing command: /usr/bin/gcc -v
[proc] Executing command: /usr/bin/x86_64-linux-gnu-gcc -v
[proc] Executing command: /usr/bin/x86_64-pc-linux-gnu-gcc -v
[proc] Executing command: /usr/bin/x86_64-pc-linux-gnu-gcc-14.2.1 -v
[proc] Executing command: /usr/bin/x86_64-pc-linux-gnu-gcc -v
[proc] Executing command: /usr/bin/clang -v
[kit] Found Kit (trusted): Clang 18.1.8 x86_64-pc-linux-gnu
[kit] Found Kit (trusted): Clang 18.1.8 x86_64-pc-linux-gnu
[kit] Found Kit (trusted): Clang-cl 18.1.8 x86_64-pc-windows-msvc
[kit] Found Kit (trusted): GCC 14.2.1 x86_64-pc-linux-gnu
[kit] Found Kit (trusted): GCC 14.2.1 x86_64-pc-linux-gnu
[kit] Found Kit (trusted): GCC 14.2.1 x86_64-pc-linux-gnu
[kit] Found Kit (trusted): GCC 14.2.1 x86_64-pc-linux-gnu
