2024-12-25 13:54:48.364 [info] [main] Log level: Info
2024-12-25 13:54:48.364 [info] [main] Validating found git in: "git"
2024-12-25 13:54:48.364 [info] [main] Using git "2.47.1" from "git"
2024-12-25 13:54:48.364 [info] [Model][doInitialScan] Initial repository scan started
2024-12-25 13:54:48.364 [info] > git rev-parse --show-toplevel [5ms]
2024-12-25 13:54:48.364 [info] > git rev-parse --git-dir --git-common-dir [4ms]
2024-12-25 13:54:48.364 [info] [Model][openRepository] Opened repository: /home/akashg/Downloads/Doom-Emacs-Config
2024-12-25 13:54:48.372 [info] > git config --get commit.template [4ms]
2024-12-25 13:54:49.543 [info] > git rev-parse --show-toplevel [1172ms]
2024-12-25 13:54:50.030 [info] > git check-ignore -v -z --stdin [474ms]
2024-12-25 13:54:50.071 [info] > git rev-parse --show-toplevel [42ms]
2024-12-25 13:54:50.071 [info] > git for-each-ref --format=%(refname)%00%(upstream:short)%00%(objectname)%00%(upstream:track)%00%(upstream:remotename)%00%(upstream:remoteref) refs/heads/main refs/remotes/main [51ms]
2024-12-25 13:54:50.083 [info] > git rev-parse --show-toplevel [3ms]
2024-12-25 13:54:50.085 [info] [Model][doInitialScan] Initial repository scan completed - repositories (1), closed repositories (0), parent repositories (0), unsafe repositories (0)
2024-12-25 13:54:50.129 [info] > git show --textconv HEAD:init.el [33ms]
2024-12-25 13:54:50.129 [info] > git status -z -uall [13ms]
2024-12-25 13:54:50.216 [info] > git for-each-ref --sort -committerdate --format %(refname) %(objectname) %(*objectname) [88ms]
2024-12-25 13:54:50.228 [info] > git ls-tree -l HEAD -- /home/akashg/Downloads/Doom-Emacs-Config/init.el [121ms]
2024-12-25 13:54:50.269 [info] > git for-each-ref --format=%(refname)%00%(upstream:short)%00%(objectname)%00%(upstream:track)%00%(upstream:remotename)%00%(upstream:remoteref) refs/heads/main refs/remotes/main [42ms]
2024-12-25 13:54:50.279 [info] > git config --get commit.template [10ms]
2024-12-25 13:54:50.304 [info] > git ls-tree -l HEAD -- /home/akashg/Downloads/Doom-Emacs-Config/init.el [15ms]
2024-12-25 13:54:50.304 [info] > git config --local branch.main.vscode-merge-base [26ms]
2024-12-25 13:54:50.327 [info] > git for-each-ref --format=%(refname)%00%(upstream:short)%00%(objectname)%00%(upstream:track)%00%(upstream:remotename)%00%(upstream:remoteref) refs/heads/origin/main refs/remotes/origin/main [11ms]
2024-12-25 13:54:50.378 [info] > git merge-base refs/heads/main refs/remotes/origin/main [39ms]
2024-12-25 13:54:50.388 [info] > git for-each-ref --format=%(refname)%00%(upstream:short)%00%(objectname)%00%(upstream:track)%00%(upstream:remotename)%00%(upstream:remoteref) refs/heads/main refs/remotes/main [61ms]
2024-12-25 13:54:50.403 [info] > git diff --name-status -z --diff-filter=ADMR d5451afc0d7271169491c753813cdee6c7ffc8e2...refs/remotes/origin/main [14ms]
2024-12-25 13:54:50.422 [info] > git blame --root --incremental d5451afc0d7271169491c753813cdee6c7ffc8e2 -- /home/akashg/Downloads/Doom-Emacs-Config/init.el [7ms]
2024-12-25 13:54:50.474 [info] > git status -z -uall [38ms]
2024-12-25 13:54:50.475 [info] > git for-each-ref --sort -committerdate --format %(refname) %(objectname) %(*objectname) [26ms]
2024-12-25 13:54:50.503 [info] > git config --get commit.template [6ms]
2024-12-25 13:54:50.516 [info] > git for-each-ref --format=%(refname)%00%(upstream:short)%00%(objectname)%00%(upstream:track)%00%(upstream:remotename)%00%(upstream:remoteref) refs/heads/main refs/remotes/main [1ms]
2024-12-25 13:54:50.558 [info] > git status -z -uall [14ms]
2024-12-25 13:54:50.652 [info] > git for-each-ref --sort -committerdate --format %(refname) %(objectname) %(*objectname) [97ms]
2024-12-25 13:54:51.841 [info] > git ls-tree -l HEAD -- /home/akashg/Downloads/Doom-Emacs-Config/init.el [1073ms]
