2024-12-21 22:35:10.664 [info] Reading sessions from keychain...
2024-12-21 22:35:10.664 [info] Getting sessions for all scopes...
2024-12-21 22:35:10.664 [info] Getting sessions for all scopes...
2024-12-21 22:35:10.664 [info] Getting sessions for all scopes...
2024-12-21 22:35:10.664 [info] Getting sessions for all scopes...
2024-12-21 22:35:10.664 [info] Getting sessions for all scopes...
2024-12-21 22:35:10.664 [info] Getting sessions for all scopes...
2024-12-21 22:35:10.664 [info] Getting sessions for all scopes...
2024-12-21 22:35:10.664 [info] Got 0 sessions for ...
2024-12-21 22:35:10.664 [info] Got 0 sessions for ...
2024-12-21 22:35:10.664 [info] Got 0 sessions for ...
2024-12-21 22:35:10.664 [info] Got 0 sessions for ...
2024-12-21 22:35:10.664 [info] Got 0 sessions for ...
2024-12-21 22:35:10.664 [info] Got 0 sessions for ...
2024-12-21 22:35:10.664 [info] Got 0 sessions for ...
2024-12-21 22:35:10.846 [info] Getting sessions for read:user,repo,user:email,workflow...
2024-12-21 22:35:10.846 [info] Got 0 sessions for read:user,repo,user:email,workflow...
2024-12-21 22:35:12.217 [info] Getting sessions for all scopes...
2024-12-21 22:35:12.217 [info] Got 0 sessions for ...
2024-12-21 22:35:39.627 [info] Reading sessions from keychain...
2024-12-21 22:35:39.627 [info] Getting sessions for all scopes...
2024-12-21 22:35:39.627 [info] Getting sessions for all scopes...
2024-12-21 22:35:39.627 [info] Getting sessions for all scopes...
2024-12-21 22:35:39.627 [info] Got 0 sessions for ...
2024-12-21 22:35:39.627 [info] Got 0 sessions for ...
2024-12-21 22:35:39.627 [info] Got 0 sessions for ...
2024-12-21 22:35:39.632 [info] Getting sessions for all scopes...
2024-12-21 22:35:39.632 [info] Got 0 sessions for ...
2024-12-21 22:35:39.632 [info] Getting sessions for all scopes...
2024-12-21 22:35:39.632 [info] Got 0 sessions for ...
2024-12-21 22:35:39.632 [info] Getting sessions for all scopes...
2024-12-21 22:35:39.632 [info] Got 0 sessions for ...
2024-12-21 22:35:39.632 [info] Getting sessions for all scopes...
2024-12-21 22:35:39.632 [info] Got 0 sessions for ...
2024-12-21 22:35:39.632 [info] Getting sessions for all scopes...
2024-12-21 22:35:39.632 [info] Got 0 sessions for ...
2024-12-21 22:35:41.240 [info] Getting sessions for all scopes...
2024-12-21 22:35:41.240 [info] Got 0 sessions for ...
2024-12-21 22:35:55.576 [info] Getting sessions for user:email...
2024-12-21 22:35:55.576 [info] Got 0 sessions for user:email...
2024-12-21 22:35:56.542 [info] Logging in with 'any' account...
2024-12-21 22:35:56.542 [info] Logging in for the following scopes: user:email
2024-12-21 22:35:56.573 [info] Trying without local server... (user:email)
2024-12-21 22:36:02.582 [info] Exchanging code for token...
2024-12-21 22:36:02.921 [info] Token exchange success!
2024-12-21 22:36:02.922 [info] Getting user info...
2024-12-21 22:36:03.328 [info] Got account info!
2024-12-21 22:36:03.328 [info] Storing 1 sessions...
2024-12-21 22:36:05.777 [info] Reading sessions from keychain...
2024-12-21 22:36:05.777 [info] Stored 1 sessions!
2024-12-21 22:36:05.777 [info] Login success!
2024-12-21 22:36:05.838 [info] Getting sessions for all scopes...
2024-12-21 22:36:05.840 [info] Getting sessions for user:email...
2024-12-21 22:36:05.840 [info] Got stored sessions!
2024-12-21 22:36:05.840 [info] Got 1 verified sessions.
2024-12-21 22:36:05.840 [info] Got 1 sessions for ...
2024-12-21 22:36:05.840 [info] Got 1 sessions for user:email...
2024-12-21 22:37:17.710 [info] Getting sessions for all scopes...
2024-12-21 22:37:17.710 [info] Got 1 sessions for ...
2024-12-21 22:37:17.710 [info] Getting sessions for all scopes...
2024-12-21 22:37:17.710 [info] Got 1 sessions for ...
2024-12-21 22:37:17.710 [info] Getting sessions for read:user,repo,user:email,workflow...
2024-12-21 22:37:17.710 [info] Got 0 sessions for read:user,repo,user:email,workflow...
2024-12-21 22:37:17.736 [info] Getting sessions for read:user,repo,user:email,workflow...
2024-12-21 22:37:17.736 [info] Got 0 sessions for read:user,repo,user:email,workflow...
2024-12-21 22:37:17.736 [info] Getting sessions for read:user...
2024-12-21 22:37:17.736 [info] Got 0 sessions for read:user...
2024-12-21 22:37:17.795 [info] Getting sessions for user:email...
2024-12-21 22:37:17.795 [info] Got 1 sessions for user:email...
2024-12-21 22:37:17.795 [info] Getting sessions for user:email...
2024-12-21 22:37:17.795 [info] Got 1 sessions for user:email...
2024-12-21 22:37:17.877 [info] Getting sessions for all scopes...
2024-12-21 22:37:17.877 [info] Got 1 sessions for ...
2024-12-21 22:37:17.940 [info] Getting sessions for read:user,repo,user:email,workflow...
2024-12-21 22:37:17.940 [info] Got 0 sessions for read:user,repo,user:email,workflow...
2024-12-21 22:37:18.813 [info] Getting sessions for user:email...
2024-12-21 22:37:18.813 [info] Got 1 sessions for user:email...
2024-12-21 22:37:18.868 [info] Getting sessions for all scopes...
2024-12-21 22:37:18.868 [info] Got 1 sessions for ...
2024-12-21 22:37:18.869 [info] Getting sessions for read:user,repo,user:email,workflow...
2024-12-21 22:37:18.869 [info] Got 0 sessions for read:user,repo,user:email,workflow...
2024-12-21 22:37:18.872 [info] Getting sessions for user:email...
2024-12-21 22:37:18.872 [info] Got 1 sessions for user:email...
2024-12-21 22:37:19.572 [info] Getting sessions for all scopes...
2024-12-21 22:37:19.572 [info] Got 1 sessions for ...
2024-12-21 22:37:19.572 [info] Getting sessions for all scopes...
2024-12-21 22:37:19.572 [info] Got 1 sessions for ...
2024-12-21 22:37:19.579 [info] Getting sessions for read:user,repo,user:email,workflow...
2024-12-21 22:37:19.579 [info] Got 0 sessions for read:user,repo,user:email,workflow...
2024-12-21 22:37:19.581 [info] Getting sessions for user:email...
2024-12-21 22:37:19.581 [info] Got 1 sessions for user:email...
2024-12-21 22:37:19.583 [info] Getting sessions for all scopes...
2024-12-21 22:37:19.583 [info] Got 1 sessions for ...
2024-12-21 22:37:19.585 [info] Getting sessions for read:user,repo,user:email,workflow...
2024-12-21 22:37:19.585 [info] Got 0 sessions for read:user,repo,user:email,workflow...
2024-12-21 22:37:19.586 [info] Getting sessions for user:email...
2024-12-21 22:37:19.586 [info] Got 1 sessions for user:email...
2024-12-21 22:37:19.621 [info] Getting sessions for all scopes...
2024-12-21 22:37:19.621 [info] Got 1 sessions for ...
2024-12-21 22:37:19.623 [info] Getting sessions for read:user,repo,user:email,workflow...
2024-12-21 22:37:19.623 [info] Got 0 sessions for read:user,repo,user:email,workflow...
2024-12-21 22:37:19.624 [info] Getting sessions for user:email...
2024-12-21 22:37:19.624 [info] Got 1 sessions for user:email...
2024-12-21 22:37:19.803 [info] Getting sessions for read:user,repo,user:email,workflow...
2024-12-21 22:37:19.803 [info] Got 0 sessions for read:user,repo,user:email,workflow...
2024-12-21 22:37:19.821 [info] Getting sessions for read:user...
2024-12-21 22:37:19.821 [info] Got 0 sessions for read:user...
2024-12-21 22:37:19.822 [info] Getting sessions for user:email...
2024-12-21 22:37:19.822 [info] Got 1 sessions for user:email...
2024-12-21 22:37:20.837 [info] Getting sessions for all scopes...
2024-12-21 22:37:20.837 [info] Got 1 sessions for ...
2024-12-21 22:37:20.866 [info] Getting sessions for read:user,repo,user:email,workflow...
2024-12-21 22:37:20.866 [info] Got 0 sessions for read:user,repo,user:email,workflow...
2024-12-21 22:37:20.869 [info] Getting sessions for user:email...
2024-12-21 22:37:20.869 [info] Got 1 sessions for user:email...
2024-12-21 22:52:20.873 [info] Getting sessions for all scopes...
2024-12-21 22:52:20.873 [info] Got 1 sessions for ...
2024-12-21 22:52:20.876 [info] Getting sessions for read:user,repo,user:email,workflow...
2024-12-21 22:52:20.876 [info] Got 0 sessions for read:user,repo,user:email,workflow...
2024-12-21 22:52:20.878 [info] Getting sessions for user:email...
2024-12-21 22:52:20.878 [info] Got 1 sessions for user:email...
2024-12-21 22:52:20.881 [info] Getting sessions for all scopes...
2024-12-21 22:52:20.881 [info] Got 1 sessions for ...
2024-12-21 22:52:20.882 [info] Getting sessions for read:user,repo,user:email,workflow...
2024-12-21 22:52:20.883 [info] Got 0 sessions for read:user,repo,user:email,workflow...
2024-12-21 22:52:20.884 [info] Getting sessions for user:email...
2024-12-21 22:52:20.884 [info] Got 1 sessions for user:email...
2024-12-21 23:02:19.157 [info] Getting sessions for read:user,repo,user:email,workflow...
2024-12-21 23:02:19.157 [info] Got 0 sessions for read:user,repo,user:email,workflow...
2024-12-21 23:02:19.159 [info] Getting sessions for read:user...
2024-12-21 23:02:19.159 [info] Got 0 sessions for read:user...
2024-12-21 23:02:19.161 [info] Getting sessions for user:email...
2024-12-21 23:02:19.161 [info] Got 1 sessions for user:email...
2024-12-21 23:02:19.565 [info] Getting sessions for all scopes...
2024-12-21 23:02:19.565 [info] Got 1 sessions for ...
2024-12-21 23:02:19.567 [info] Getting sessions for read:user,repo,user:email,workflow...
2024-12-21 23:02:19.567 [info] Got 0 sessions for read:user,repo,user:email,workflow...
2024-12-21 23:02:19.569 [info] Getting sessions for user:email...
2024-12-21 23:02:19.569 [info] Got 1 sessions for user:email...
2024-12-21 23:02:20.094 [info] Getting sessions for all scopes...
2024-12-21 23:02:20.094 [info] Got 1 sessions for ...
2024-12-21 23:02:20.094 [info] Getting sessions for all scopes...
2024-12-21 23:02:20.094 [info] Got 1 sessions for ...
2024-12-21 23:02:20.095 [info] Getting sessions for read:user,repo,user:email,workflow...
2024-12-21 23:02:20.095 [info] Got 0 sessions for read:user,repo,user:email,workflow...
2024-12-21 23:02:20.096 [info] Getting sessions for user:email...
2024-12-21 23:02:20.096 [info] Got 1 sessions for user:email...
2024-12-21 23:02:20.097 [info] Getting sessions for all scopes...
2024-12-21 23:02:20.097 [info] Got 1 sessions for ...
2024-12-21 23:02:20.097 [info] Getting sessions for read:user,repo,user:email,workflow...
2024-12-21 23:02:20.097 [info] Got 0 sessions for read:user,repo,user:email,workflow...
2024-12-21 23:02:20.098 [info] Getting sessions for user:email...
2024-12-21 23:02:20.098 [info] Got 1 sessions for user:email...
2024-12-21 23:02:20.103 [info] Getting sessions for all scopes...
2024-12-21 23:02:20.103 [info] Got 1 sessions for ...
2024-12-21 23:02:20.103 [info] Getting sessions for read:user,repo,user:email,workflow...
2024-12-21 23:02:20.103 [info] Got 0 sessions for read:user,repo,user:email,workflow...
2024-12-21 23:02:20.105 [info] Getting sessions for user:email...
2024-12-21 23:02:20.105 [info] Got 1 sessions for user:email...
2024-12-21 23:17:20.109 [info] Getting sessions for all scopes...
2024-12-21 23:17:20.109 [info] Got 1 sessions for ...
2024-12-21 23:17:20.112 [info] Getting sessions for read:user,repo,user:email,workflow...
2024-12-21 23:17:20.112 [info] Got 0 sessions for read:user,repo,user:email,workflow...
2024-12-21 23:17:20.113 [info] Getting sessions for user:email...
2024-12-21 23:17:20.113 [info] Got 1 sessions for user:email...
2024-12-21 23:17:20.115 [info] Getting sessions for all scopes...
2024-12-21 23:17:20.115 [info] Got 1 sessions for ...
2024-12-21 23:17:20.115 [info] Getting sessions for read:user,repo,user:email,workflow...
2024-12-21 23:17:20.115 [info] Got 0 sessions for read:user,repo,user:email,workflow...
2024-12-21 23:17:20.116 [info] Getting sessions for user:email...
2024-12-21 23:17:20.116 [info] Got 1 sessions for user:email...
2024-12-21 23:27:19.514 [info] Getting sessions for read:user,repo,user:email,workflow...
2024-12-21 23:27:19.515 [info] Got 0 sessions for read:user,repo,user:email,workflow...
2024-12-21 23:27:19.518 [info] Getting sessions for read:user...
2024-12-21 23:27:19.518 [info] Got 0 sessions for read:user...
2024-12-21 23:27:19.521 [info] Getting sessions for user:email...
2024-12-21 23:27:19.521 [info] Got 1 sessions for user:email...
2024-12-21 23:27:20.095 [info] Getting sessions for all scopes...
2024-12-21 23:27:20.095 [info] Got 1 sessions for ...
2024-12-21 23:27:20.098 [info] Getting sessions for read:user,repo,user:email,workflow...
2024-12-21 23:27:20.099 [info] Got 0 sessions for read:user,repo,user:email,workflow...
2024-12-21 23:27:20.102 [info] Getting sessions for user:email...
2024-12-21 23:27:20.102 [info] Got 1 sessions for user:email...
2024-12-21 23:27:20.692 [info] Getting sessions for all scopes...
2024-12-21 23:27:20.692 [info] Got 1 sessions for ...
2024-12-21 23:27:20.692 [info] Getting sessions for all scopes...
2024-12-21 23:27:20.692 [info] Got 1 sessions for ...
2024-12-21 23:27:20.695 [info] Getting sessions for read:user,repo,user:email,workflow...
2024-12-21 23:27:20.695 [info] Got 0 sessions for read:user,repo,user:email,workflow...
2024-12-21 23:27:20.698 [info] Getting sessions for user:email...
2024-12-21 23:27:20.698 [info] Got 1 sessions for user:email...
2024-12-21 23:27:20.701 [info] Getting sessions for all scopes...
2024-12-21 23:27:20.702 [info] Got 1 sessions for ...
2024-12-21 23:27:20.705 [info] Getting sessions for read:user,repo,user:email,workflow...
2024-12-21 23:27:20.705 [info] Got 0 sessions for read:user,repo,user:email,workflow...
2024-12-21 23:27:20.707 [info] Getting sessions for user:email...
2024-12-21 23:27:20.707 [info] Got 1 sessions for user:email...
2024-12-21 23:27:20.715 [info] Getting sessions for all scopes...
2024-12-21 23:27:20.715 [info] Got 1 sessions for ...
2024-12-21 23:27:20.718 [info] Getting sessions for read:user,repo,user:email,workflow...
2024-12-21 23:27:20.718 [info] Got 0 sessions for read:user,repo,user:email,workflow...
2024-12-21 23:27:20.720 [info] Getting sessions for user:email...
2024-12-21 23:27:20.720 [info] Got 1 sessions for user:email...
