2024-12-20 13:42:03.137 [info] Extension host with pid 141980 started
2024-12-20 13:42:03.168 [info] ExtensionService#_doActivateExtension vscode.github-authentication, startup: false, activationEvent: 'onAuthenticationRequest:github'
2024-12-20 13:42:03.220 [info] ExtensionService#_doActivateExtension vscode.git-base, startup: true, activationEvent: '*', root cause: vscode.git
2024-12-20 13:42:03.224 [info] ExtensionService#_doActivateExtension vscode.git, startup: true, activationEvent: '*'
2024-12-20 13:42:03.275 [info] ExtensionService#_doActivateExtension vscode.github, startup: true, activationEvent: '*'
2024-12-20 13:42:03.350 [info] Eager extensions activated
2024-12-20 13:42:03.355 [info] ExtensionService#_doActivateExtension vscode.debug-auto-launch, startup: false, activationEvent: 'onStartupFinished'
2024-12-20 13:42:03.357 [info] ExtensionService#_doActivateExtension vscode.merge-conflict, startup: false, activationEvent: 'onStartupFinished'
2024-12-20 13:42:03.726 [info] Extension host terminating: renderer closed the MessagePort
2024-12-20 13:42:03.753 [error] ProxyResolver#addCertificatesV1 Canceled: Canceled
	at new IT (file:///opt/visual-studio-code/resources/app/out/vs/workbench/api/node/extensionHostProcess.js:32:110702)
	at Dy.U (file:///opt/visual-studio-code/resources/app/out/vs/workbench/api/node/extensionHostProcess.js:32:115312)
	at s.<computed>.n.charCodeAt.s.<computed> (file:///opt/visual-studio-code/resources/app/out/vs/workbench/api/node/extensionHostProcess.js:32:112806)
	at V0.loadCertificates (file:///opt/visual-studio-code/resources/app/out/vs/workbench/api/node/extensionHostProcess.js:110:54217)
	at Object.loadAdditionalCertificates (file:///opt/visual-studio-code/resources/app/out/vs/workbench/api/node/extensionHostProcess.js:159:18326)
	at /opt/visual-studio-code/resources/app/node_modules/@vscode/proxy-agent/out/index.js:697:53
	at Generator.next (<anonymous>)
	at /opt/visual-studio-code/resources/app/node_modules/@vscode/proxy-agent/out/index.js:35:71
	at new Promise (<anonymous>)
	at __awaiter (/opt/visual-studio-code/resources/app/node_modules/@vscode/proxy-agent/out/index.js:31:12)
	at /opt/visual-studio-code/resources/app/node_modules/@vscode/proxy-agent/out/index.js:696:43
	at /opt/visual-studio-code/resources/app/node_modules/@vscode/proxy-agent/out/index.js:698:16
	at Generator.next (<anonymous>)
	at /opt/visual-studio-code/resources/app/node_modules/@vscode/proxy-agent/out/index.js:35:71
	at new Promise (<anonymous>)
	at __awaiter (/opt/visual-studio-code/resources/app/node_modules/@vscode/proxy-agent/out/index.js:31:12)
	at getOrLoadAdditionalCertificates (/opt/visual-studio-code/resources/app/node_modules/@vscode/proxy-agent/out/index.js:694:12)
	at addCertificatesToOptionsV1 (/opt/visual-studio-code/resources/app/node_modules/@vscode/proxy-agent/out/index.js:673:9)
	at resolveProxyWithRequest (/opt/visual-studio-code/resources/app/node_modules/@vscode/proxy-agent/out/index.js:114:9)
	at /opt/visual-studio-code/resources/app/node_modules/@vscode/proxy-agent/out/index.js:346:77
	at new Promise (<anonymous>)
	at PacProxyAgent.resolveP [as resolver] (/opt/visual-studio-code/resources/app/node_modules/@vscode/proxy-agent/out/index.js:346:54)
	at PacProxyAgent.<anonymous> (/opt/visual-studio-code/resources/app/node_modules/@vscode/proxy-agent/out/agent.js:74:37)
	at Generator.next (<anonymous>)
	at /opt/visual-studio-code/resources/app/node_modules/@vscode/proxy-agent/out/agent.js:8:71
	at new Promise (<anonymous>)
	at __awaiter (/opt/visual-studio-code/resources/app/node_modules/@vscode/proxy-agent/out/agent.js:4:12)
	at PacProxyAgent.connect (/opt/visual-studio-code/resources/app/node_modules/@vscode/proxy-agent/out/agent.js:56:16)
	at /opt/visual-studio-code/resources/app/node_modules/agent-base/dist/index.js:132:30
2024-12-20 13:42:03.753 [info] Extension host with pid 141980 exiting with code 0
